This is pdfTeX, Version 3.141592653-2.6-1.40.24 (TeX Live 2022) (preloaded format=latex 2023.10.19)  27 OCT 2023 13:25
entering extended mode
 restricted \write18 enabled.
 file:line:error style messages enabled.
 %&-line parsing enabled.
**report-slides
(./report-slides.tex
LaTeX2e <2021-11-15> patch level 1
L3 programming layer <2022-02-24> (c:/texlive/2022/texmf-dist/tex/latex/powerdot/powerdot.cls
Document Class: powerdot 2021/05/19 v1.7 powerdot presentation class (HA)
\c@note=\count185
\c@slide=\count186
\c@pd@pause=\count187
\c@pd@section=\count188
\c@pd@overlay=\count189
\c@pd@trivlist=\count190
\c@pd@onslidedepth=\count191
\pd@tba=\box50
\pd@tbb=\box51
\pd@body=\toks16
\pd@bmout=\write3
\pd@tocout=\write4
\pd@vrbout=\write5
\pd@frsep=\skip47
\pd@colsep=\skip48
\slidewidth=\skip49
\slideheight=\skip50
(c:/texlive/2022/texmf-dist/tex/latex/xkeyval/xkeyval.sty
Package: xkeyval 2020/11/20 v2.8 package option processing (HA)
 (c:/texlive/2022/texmf-dist/tex/generic/xkeyval/xkeyval.tex (c:/texlive/2022/texmf-dist/tex/generic/xkeyval/xkvutils.tex
\XKV@toks=\toks17
\XKV@tempa@toks=\toks18
 (c:/texlive/2022/texmf-dist/tex/generic/xkeyval/keyval.tex))
\XKV@depth=\count192
File: xkeyval.tex 2014/12/03 v2.7a key=value parser (HA)
)) (c:/texlive/2022/texmf-dist/tex/latex/base/fleqn.clo
File: fleqn.clo 2016/12/29 v1.2b Standard LaTeX option (flush left equations)
\mathindent=\skip51
Applying: [2015/01/01] Make \[ robust on input line 50.
LaTeX Info: Redefining \[ on input line 51.
Already applied: [0000/00/00] Make \[ robust on input line 62.
Applying: [2015/01/01] Make \] robust on input line 74.
LaTeX Info: Redefining \] on input line 75.
Already applied: [0000/00/00] Make \] robust on input line 83.
) (c:/texlive/2022/texmf-dist/tex/latex/base/leqno.clo
File: leqno.clo 2016/12/29 v1.2b Standard LaTeX option (left equation numbers)
) (c:/texlive/2022/texmf-dist/tex/latex/base/article.cls
Document Class: article 2021/10/04 v1.4n Standard LaTeX document class
(c:/texlive/2022/texmf-dist/tex/latex/base/size10.clo
File: size10.clo 2021/10/04 v1.4n Standard LaTeX file (size option)
)
\c@part=\count193
\c@section=\count194
\c@subsection=\count195
\c@subsubsection=\count196
\c@paragraph=\count197
\c@subparagraph=\count198
\c@figure=\count199
\c@table=\count266
\abovecaptionskip=\skip52
\belowcaptionskip=\skip53
\bibindent=\dimen138
) (c:/texlive/2022/texmf-dist/tex/latex/extsizes/size14.clo
File: size14.clo 1999/11/11 v1.4a NON-Standard LaTeX file (size option)
) (c:/texlive/2022/texmf-dist/tex/latex/geometry/geometry.sty
Package: geometry 2020/01/02 v5.9 Page Geometry
 (c:/texlive/2022/texmf-dist/tex/generic/iftex/ifvtex.sty
Package: ifvtex 2019/10/25 v1.7 ifvtex legacy package. Use iftex instead.
 (c:/texlive/2022/texmf-dist/tex/generic/iftex/iftex.sty
Package: iftex 2022/02/03 v1.0f TeX engine tests
))
\Gm@cnth=\count267
\Gm@cntv=\count268
\c@Gm@tempcnt=\count269
\Gm@bindingoffset=\dimen139
\Gm@wd@mp=\dimen140
\Gm@odd@mp=\dimen141
\Gm@even@mp=\dimen142
\Gm@layoutwidth=\dimen143
\Gm@layoutheight=\dimen144
\Gm@layouthoffset=\dimen145
\Gm@layoutvoffset=\dimen146
\Gm@dimlist=\toks19
) (c:/texlive/2022/texmf-dist/tex/generic/iftex/ifxetex.sty
Package: ifxetex 2019/10/25 v0.7 ifxetex legacy package. Use iftex instead.
) (c:/texlive/2022/texmf-dist/tex/latex/hyperref/hyperref.sty
Package: hyperref 2022-02-21 v7.00n Hypertext links for LaTeX
 (c:/texlive/2022/texmf-dist/tex/generic/ltxcmds/ltxcmds.sty
Package: ltxcmds 2020-05-10 v1.25 LaTeX kernel commands for general use (HO)
) (c:/texlive/2022/texmf-dist/tex/generic/pdftexcmds/pdftexcmds.sty
Package: pdftexcmds 2020-06-27 v0.33 Utility functions of pdfTeX for LuaTeX (HO)
 (c:/texlive/2022/texmf-dist/tex/generic/infwarerr/infwarerr.sty
Package: infwarerr 2019/12/03 v1.5 Providing info/warning/error messages (HO)
)
Package pdftexcmds Info: \pdf@primitive is available.
Package pdftexcmds Info: \pdf@ifprimitive is available.
Package pdftexcmds Info: \pdfdraftmode is ignored in DVI mode.
) (c:/texlive/2022/texmf-dist/tex/generic/kvsetkeys/kvsetkeys.sty
Package: kvsetkeys 2019/12/15 v1.18 Key value parser (HO)
) (c:/texlive/2022/texmf-dist/tex/generic/kvdefinekeys/kvdefinekeys.sty
Package: kvdefinekeys 2019-12-19 v1.6 Define keys (HO)
) (c:/texlive/2022/texmf-dist/tex/generic/pdfescape/pdfescape.sty
Package: pdfescape 2019/12/09 v1.15 Implements pdfTeX's escape features (HO)
) (c:/texlive/2022/texmf-dist/tex/latex/hycolor/hycolor.sty
Package: hycolor 2020-01-27 v1.10 Color options for hyperref/bookmark (HO)
) (c:/texlive/2022/texmf-dist/tex/latex/letltxmacro/letltxmacro.sty
Package: letltxmacro 2019/12/03 v1.6 Let assignment for LaTeX macros (HO)
) (c:/texlive/2022/texmf-dist/tex/latex/auxhook/auxhook.sty
Package: auxhook 2019-12-17 v1.6 Hooks for auxiliary files (HO)
) (c:/texlive/2022/texmf-dist/tex/latex/kvoptions/kvoptions.sty
Package: kvoptions 2020-10-07 v3.14 Key value format for package options (HO)
)
\@linkdim=\dimen147
\Hy@linkcounter=\count270
\Hy@pagecounter=\count271
 (c:/texlive/2022/texmf-dist/tex/latex/hyperref/pd1enc.def
File: pd1enc.def 2022-02-21 v7.00n Hyperref: PDFDocEncoding definition (HO)
Now handling font encoding PD1 ...
... no UTF-8 mapping file for font encoding PD1
) (c:/texlive/2022/texmf-dist/tex/generic/intcalc/intcalc.sty
Package: intcalc 2019/12/15 v1.3 Expandable calculations with integers (HO)
) (c:/texlive/2022/texmf-dist/tex/generic/etexcmds/etexcmds.sty
Package: etexcmds 2019/12/15 v1.7 Avoid name clashes with e-TeX commands (HO)
)
\Hy@SavedSpaceFactor=\count272
 (c:/texlive/2022/texmf-dist/tex/latex/hyperref/puenc.def
File: puenc.def 2022-02-21 v7.00n Hyperref: PDF Unicode definition (HO)
Now handling font encoding PU ...
... no UTF-8 mapping file for font encoding PU
)
Package hyperref Info: Option `setpagesize' set `false' on input line 4018.
Package hyperref Info: Option `pageanchor' set `false' on input line 4018.
Package hyperref Info: Option `bookmarks' set `false' on input line 4018.
Package hyperref Info: Hyper figures OFF on input line 4137.
Package hyperref Info: Link nesting OFF on input line 4142.
Package hyperref Info: Hyper index ON on input line 4145.
Package hyperref Info: Plain pages OFF on input line 4152.
Package hyperref Info: Backreferencing OFF on input line 4157.
Package hyperref Info: Implicit mode ON; LaTeX internals redefined.
Package hyperref Info: Bookmarks OFF on input line 4396.
\c@Hy@tempcnt=\count273
 (c:/texlive/2022/texmf-dist/tex/latex/url/url.sty
\Urlmuskip=\muskip16
Package: url 2013/09/16  ver 3.4  Verb mode for urls, etc.
)
LaTeX Info: Redefining \url on input line 4749.
\XeTeXLinkMargin=\dimen148
 (c:/texlive/2022/texmf-dist/tex/generic/bitset/bitset.sty
Package: bitset 2019/12/09 v1.3 Handle bit-vector datatype (HO)
 (c:/texlive/2022/texmf-dist/tex/generic/bigintcalc/bigintcalc.sty
Package: bigintcalc 2019/12/15 v1.5 Expandable calculations on big integers (HO)
))
\Fld@menulength=\count274
\Field@Width=\dimen149
\Fld@charsize=\dimen150
Package hyperref Info: Hyper figures OFF on input line 6027.
Package hyperref Info: Link nesting OFF on input line 6032.
Package hyperref Info: Hyper index ON on input line 6035.
Package hyperref Info: backreferencing OFF on input line 6042.
Package hyperref Info: Link coloring OFF on input line 6047.
Package hyperref Info: Link coloring with OCG OFF on input line 6052.
Package hyperref Info: PDF/A mode OFF on input line 6057.
LaTeX Info: Redefining \ref on input line 6097.
LaTeX Info: Redefining \pageref on input line 6101.
 (c:/texlive/2022/texmf-dist/tex/latex/base/atbegshi-ltx.sty
Package: atbegshi-ltx 2021/01/10 v1.0c Emulation of the original atbegshi
package with kernel methods
)
\Hy@abspage=\count275
\c@Item=\count276
\c@Hfootnote=\count277
)
Package hyperref Info: Driver: hdvips.
 (c:/texlive/2022/texmf-dist/tex/latex/hyperref/hdvips.def
File: hdvips.def 2022-02-21 v7.00n Hyperref driver for dvips
 (c:/texlive/2022/texmf-dist/tex/latex/hyperref/pdfmark.def
File: pdfmark.def 2022-02-21 v7.00n Hyperref definitions for pdfmark specials
\pdf@docset=\toks20
\pdf@box=\box52
\pdf@toks=\toks21
\pdf@defaulttoks=\toks22
\HyField@AnnotCount=\count278
\Fld@listcount=\count279
\c@bookmark@seq@number=\count280
 (c:/texlive/2022/texmf-dist/tex/latex/rerunfilecheck/rerunfilecheck.sty
Package: rerunfilecheck 2019/12/05 v1.9 Rerun checks for auxiliary files (HO)
 (c:/texlive/2022/texmf-dist/tex/latex/base/atveryend-ltx.sty
Package: atveryend-ltx 2020/08/19 v1.0a Emulation of the original atveryend package
with kernel methods
) (c:/texlive/2022/texmf-dist/tex/generic/uniquecounter/uniquecounter.sty
Package: uniquecounter 2019/12/15 v1.4 Provide unlimited unique counter (HO)
)
Package uniquecounter Info: New unique counter `rerunfilecheck' on input line 286.
)
\Hy@SectionHShift=\skip54
)) (c:/texlive/2022/texmf-dist/tex/latex/graphics/graphicx.sty
Package: graphicx 2021/09/16 v1.2d Enhanced LaTeX Graphics (DPC,SPQR)
 (c:/texlive/2022/texmf-dist/tex/latex/graphics/graphics.sty
Package: graphics 2021/03/04 v1.4d Standard LaTeX Graphics (DPC,SPQR)
 (c:/texlive/2022/texmf-dist/tex/latex/graphics/trig.sty
Package: trig 2021/08/11 v1.11 sin cos tan (DPC)
) (c:/texlive/2022/texmf-dist/tex/latex/graphics-cfg/graphics.cfg
File: graphics.cfg 2016/06/04 v1.11 sample graphics configuration
)
Package graphics Info: Driver file: dvips.def on input line 107.
 (c:/texlive/2022/texmf-dist/tex/latex/graphics-def/dvips.def
File: dvips.def 2017/06/20 v3.1d Graphics/color driver for dvips
))
\Gin@req@height=\dimen151
\Gin@req@width=\dimen152
) (c:/texlive/2022/texmf-dist/tex/latex/pstricks/pstricks.sty
Package: pstricks 2021/08/23 v0.71 LaTeX wrapper for `PSTricks' (RN,HV)
 (c:/texlive/2022/texmf-dist/tex/latex/xcolor/xcolor.sty
Package: xcolor 2021/10/31 v2.13 LaTeX color extensions (UK)
 (c:/texlive/2022/texmf-dist/tex/latex/graphics-cfg/color.cfg
File: color.cfg 2016/01/02 v1.6 sample color configuration
)
Package xcolor Info: Driver file: dvips.def on input line 227.
Package xcolor Info: Model `cmy' substituted by `cmy0' on input line 1352.
Package xcolor Info: Model `RGB' extended on input line 1368.
Package xcolor Info: Model `HTML' substituted by `rgb' on input line 1370.
Package xcolor Info: Model `Hsb' substituted by `hsb' on input line 1371.
Package xcolor Info: Model `tHsb' substituted by `hsb' on input line 1372.
Package xcolor Info: Model `HSB' substituted by `hsb' on input line 1373.
Package xcolor Info: Model `Gray' substituted by `gray' on input line 1374.
Package xcolor Info: Model `wave' substituted by `hsb' on input line 1375.
) (c:/texlive/2022/texmf-dist/tex/generic/xkeyval/pst-xkey.tex
File: pst-xkey.tex 2005/11/25 v1.6 PSTricks specialization of xkeyval (HA)
) (c:/texlive/2022/texmf-dist/tex/generic/pstricks/pstricks.tex (c:/texlive/2022/texmf-dist/tex/generic/pstricks/pst-fp.tex `pst-fp' v0.06, 2020/11/20 (hv)
\pstFP@xs=\count281
\pstFP@xia=\count282
\pstFP@xib=\count283
\pstFP@xfa=\count284
\pstFP@xfb=\count285
\pstFP@rega=\count286
\pstFP@regb=\count287
\pstFP@regs=\count288
\pstFP@times=\count289
) (c:/texlive/2022/texmf-dist/tex/generic/pgf/utilities/pgfutil-common.tex
\pgfutil@everybye=\toks23
\pgfutil@tempdima=\dimen153
\pgfutil@tempdimb=\dimen154
 (c:/texlive/2022/texmf-dist/tex/generic/pgf/utilities/pgfutil-common-lists.tex)) (c:/texlive/2022/texmf-dist/tex/generic/pgf/utilities/pgfkeys.code.tex
\pgfkeys@pathtoks=\toks24
\pgfkeys@temptoks=\toks25
 (c:/texlive/2022/texmf-dist/tex/generic/pgf/utilities/pgfkeysfiltered.code.tex
\pgfkeys@tmptoks=\toks26
)) (c:/texlive/2022/texmf-dist/tex/generic/pgf/utilities/pgffor.code.tex
Loading pgffor.code.tex
(c:/texlive/2022/texmf-dist/tex/generic/pgf/math/pgfmath.code.tex (c:/texlive/2022/texmf-dist/tex/generic/pgf/math/pgfmathcalc.code.tex (c:/texlive/2022/texmf-dist/tex/generic/pgf/math/pgfmathutil.code.tex
\pgf@x=\dimen155
\pgf@xa=\dimen156
\pgf@xb=\dimen157
\pgf@xc=\dimen158
\pgf@y=\dimen159
\pgf@ya=\dimen160
\pgf@yb=\dimen161
\pgf@yc=\dimen162
\c@pgf@counta=\count290
\c@pgf@countb=\count291
\c@pgf@countc=\count292
\c@pgf@countd=\count293
\pgfutil@tempcnta=\count294
\pgfutil@tempcntb=\count295
) (c:/texlive/2022/texmf-dist/tex/generic/pgf/math/pgfmathparser.code.tex
\pgfmath@dimen=\dimen163
\pgfmath@count=\count296
\pgfmath@box=\box53
\pgfmath@toks=\toks27
\pgfmath@stack@operand=\toks28
\pgfmath@stack@operation=\toks29
) (c:/texlive/2022/texmf-dist/tex/generic/pgf/math/pgfmathfunctions.code.tex (c:/texlive/2022/texmf-dist/tex/generic/pgf/math/pgfmathfunctions.basic.code.tex) (c:/texlive/2022/texmf-dist/tex/generic/pgf/math/pgfmathfunctions.trigonometric.code.tex) (c:/texlive/2022/texmf-dist/tex/generic/pgf/math/pgfmathfunctions.random.code.tex) (c:/texlive/2022/texmf-dist/tex/generic/pgf/math/pgfmathfunctions.comparison.code.tex) (c:/texlive/2022/texmf-dist/tex/generic/pgf/math/pgfmathfunctions.base.code.tex) (c:/texlive/2022/texmf-dist/tex/generic/pgf/math/pgfmathfunctions.round.code.tex) (c:/texlive/2022/texmf-dist/tex/generic/pgf/math/pgfmathfunctions.misc.code.tex) (c:/texlive/2022/texmf-dist/tex/generic/pgf/math/pgfmathfunctions.integerarithmetics.code.tex))) (c:/texlive/2022/texmf-dist/tex/generic/pgf/math/pgfmathfloat.code.tex
\c@pgfmathroundto@lastzeros=\count297
))
\pgffor@iter=\dimen164
\pgffor@skip=\dimen165
\pgffor@stack=\toks30
\pgffor@toks=\toks31
)
\psLoopIndex=\count298

`PSTricks' v3.13  <2022/01/09> (tvz,hv)
\pst@dima=\dimen166
\pst@dimb=\dimen167
\pst@dimc=\dimen168
\pst@dimd=\dimen169
\pst@dimg=\dimen170
\pst@dimh=\dimen171
\pst@dimm=\dimen172
\pst@dimn=\dimen173
\pst@dimo=\dimen174
\pst@dimp=\dimen175
\pst@hbox=\box54
\pst@ibox=\box55
\pst@boxg=\box56
\pst@cnta=\count299
\pst@cntb=\count300
\pst@cntc=\count301
\pst@cntd=\count302
\pst@cntg=\count303
\pst@cnth=\count304
\pst@cntm=\count305
\pst@cntn=\count306
\pst@cnto=\count307
\pst@cntp=\count308
\@zero=\count309
\pst@toks=\toks32
--- We are running latex or xelatex ---
(c:/texlive/2022/texmf-dist/tex/generic/pstricks/pstricks.con) (c:/texlive/2022/texmf-dist/tex/generic/pstricks/pstricks-color.tex)
\psunit=\dimen176
\psxunit=\dimen177
\psyunit=\dimen178
\pst@C@@rType=\count310
\pslinewidth=\dimen179
\psk@startLW=\dimen180
\psk@endLW=\dimen181
 (c:/texlive/2022/texmf-dist/tex/generic/pstricks/pstricks-arrows.tex
\pshooklength=\dimen182
\pshookwidth=\dimen183
)
\pst@customdefs=\toks33
 (c:/texlive/2022/texmf-dist/tex/generic/pstricks/pstricks-dots.tex)
\pslinearc=\dimen184
\pst@symbolStep=\dimen185
\pst@symbolWidth=\dimen186
\pst@symbolLinewidth=\dimen187
\everypsbox=\toks34
\psframesep=\dimen188
\pslabelsep=\dimen189
\sh@wgridXunit=\dimen190
\sh@wgridYunit=\dimen191
\pst@shift=\dimen192
\ps@imagectr=\count311
 (c:/texlive/2022/texmf-dist/tex/generic/pstricks/pstricks.con))
File: pstricks.tex 2022/01/09 v3.13 `PSTricks' (tvz,hv)
 (c:/texlive/2022/texmf-dist/tex/generic/pstricks/pst-fp.tex `pst-fp' v0.06, 2020/11/20 (hv))
File: pst-fp.tex 2020/11/20 v0.06 `PST-fp' (hv)
) (c:/texlive/2022/texmf-dist/tex/latex/pst-ovl/pst-ovl.sty
Package: pst-ovl 2020/05/01 v0.02 LaTeX wrapper for `pst-ovl' (HV)
File: pst-ovl.tex 2020/05/01 v0.07b overlay macros `pst-ovl' (HV)
 (c:/texlive/2022/texmf-dist/tex/generic/pst-ovl/pst-ovl.tex `pst-ovl' v0.07b, 2020/05/01 (tvz,hv)
\thepsoverlaybox=\box57
)) (c:/texlive/2022/texmf-dist/tex/latex/enumitem/enumitem.sty
Package: enumitem 2019/06/20 v3.9 Customized lists
\enitkv@toks@=\toks35
\labelindent=\skip55
\enit@outerparindent=\dimen193
\enit@toks=\toks36
\enit@inbox=\box58
\enit@count@id=\count312
\enitdp@description=\count313
) (c:/texlive/2022/texmf-dist/tex/latex/tools/verbatim.sty
Package: verbatim 2020-07-07 v1.5u LaTeX2e package for verbatim enhancements
\every@verbatim=\toks37
\verbatim@line=\toks38
\verbatim@in@stream=\read2
)
\pd@logobox=\box59
 (c:/texlive/2022/texmf-dist/tex/latex/powerdot-tuliplab/powerdot-tuliplab.sty
Package: powerdot-tuliplab 2011/04/25 v1.4g default style (HA)
 (c:/texlive/2022/texmf-dist/tex/latex/psnfss/pifont.sty
Package: pifont 2020/03/25 PSNFSS-v9.3 Pi font support (SPQR) 
LaTeX Font Info:    Trying to load font information for U+pzd on input line 63.
 (c:/texlive/2022/texmf-dist/tex/latex/psnfss/upzd.fd
File: upzd.fd 2001/06/04 font definitions for U/pzd.
)
LaTeX Font Info:    Trying to load font information for U+psy on input line 64.
 (c:/texlive/2022/texmf-dist/tex/latex/psnfss/upsy.fd
File: upsy.fd 2001/06/04 font definitions for U/psy.
))
\pd@imagebox=\box60
File: logos/tulip.eps Graphic file (type eps)
 <logos/tulip.eps>
\pd@wordmark=\box61
File: logos/tulip-wordmark.eps Graphic file (type eps)
 <logos/tulip-wordmark.eps>
\pd@seal=\box62
File: logos/tulip-logo.eps Graphic file (type eps)
 <logos/tulip-logo.eps>)) (c:/texlive/2022/texmf-dist/tex/latex/cancel/cancel.sty
Package: cancel 2013/04/12 v2.2 Cancel math terms
) (c:/texlive/2022/texmf-dist/tex/latex/caption/caption.sty
Package: caption 2022/03/01 v3.6b Customizing captions (AR)
 (c:/texlive/2022/texmf-dist/tex/latex/caption/caption3.sty
Package: caption3 2022/03/17 v2.3b caption3 kernel (AR)
\caption@tempdima=\dimen194
\captionmargin=\dimen195
\caption@leftmargin=\dimen196
\caption@rightmargin=\dimen197
\caption@width=\dimen198
\caption@indent=\dimen199
\caption@parindent=\dimen256
\caption@hangindent=\dimen257
Package caption Info: Standard document class detected.
)
\c@caption@flags=\count314
\c@continuedfloat=\count315
Package caption Info: hyperref package is loaded.
) (c:/texlive/2022/texmf-dist/tex/latex/stackengine/stackengine.sty
Package: stackengine 2021/07/22 v4.11\ Stacking text and objects in convenient ways
 (c:/texlive/2022/texmf-dist/tex/latex/etoolbox/etoolbox.sty
Package: etoolbox 2020/10/05 v2.5k e-TeX tools for LaTeX (JAW)
\etb@tempcnta=\count316
) (c:/texlive/2022/texmf-dist/tex/generic/listofitems/listofitems.sty (c:/texlive/2022/texmf-dist/tex/generic/listofitems/listofitems.tex
\loi_cnt_foreach_nest=\count317
\loi_nestcnt=\count318
)
Package: listofitems 2019/08/21 v1.63 Grab items in lists using user-specified sep char (CT)
) (c:/texlive/2022/texmf-dist/tex/latex/tools/calc.sty
Package: calc 2017/05/25 v4.3 Infix arithmetic (KKT,FJ)
\calc@Acount=\count319
\calc@Bcount=\count320
\calc@Adimen=\dimen258
\calc@Bdimen=\dimen259
\calc@Askip=\skip56
\calc@Bskip=\skip57
LaTeX Info: Redefining \setlength on input line 80.
LaTeX Info: Redefining \addtolength on input line 81.
\calc@Ccount=\count321
\calc@Cskip=\skip58
)
\c@@stackindex=\count322
\@boxshift=\skip59
\stack@tmplength=\skip60
\temp@stkl=\skip61
\@stackedboxwidth=\skip62
\@addedbox=\box63
\@anchorbox=\box64
\@insetbox=\box65
\se@backgroundbox=\box66
\stackedbox=\box67
\@centerbox=\box68
\c@ROWcellindex@=\count323
) (c:/texlive/2022/texmf-dist/tex/latex/smartdiagram/smartdiagram.sty
Package: smartdiagram 2016/12/23 v0.3b Automatic creation of smart diagrams from lists of items.
 (c:/texlive/2022/texmf-dist/tex/latex/pgf/frontendlayer/tikz.sty (c:/texlive/2022/texmf-dist/tex/latex/pgf/basiclayer/pgf.sty (c:/texlive/2022/texmf-dist/tex/latex/pgf/utilities/pgfrcs.sty (c:/texlive/2022/texmf-dist/tex/generic/pgf/utilities/pgfutil-common.tex
\pgfutil@everybye=\toks39
\pgfutil@tempdima=\dimen260
\pgfutil@tempdimb=\dimen261
 (c:/texlive/2022/texmf-dist/tex/generic/pgf/utilities/pgfutil-common-lists.tex)) (c:/texlive/2022/texmf-dist/tex/generic/pgf/utilities/pgfutil-latex.def
\pgfutil@abb=\box69
) (c:/texlive/2022/texmf-dist/tex/generic/pgf/utilities/pgfrcs.code.tex (c:/texlive/2022/texmf-dist/tex/generic/pgf/pgf.revision.tex)
Package: pgfrcs 2021/05/15 v3.1.9a (3.1.9a)
))
Package: pgf 2021/05/15 v3.1.9a (3.1.9a)
 (c:/texlive/2022/texmf-dist/tex/latex/pgf/basiclayer/pgfcore.sty (c:/texlive/2022/texmf-dist/tex/latex/pgf/systemlayer/pgfsys.sty (c:/texlive/2022/texmf-dist/tex/generic/pgf/systemlayer/pgfsys.code.tex
Package: pgfsys 2021/05/15 v3.1.9a (3.1.9a)
 (c:/texlive/2022/texmf-dist/tex/generic/pgf/utilities/pgfkeys.code.tex)
\pgf@x=\dimen262
\pgf@y=\dimen263
\pgf@xa=\dimen264
\pgf@ya=\dimen265
\pgf@xb=\dimen266
\pgf@yb=\dimen267
\pgf@xc=\dimen268
\pgf@yc=\dimen269
\pgf@xd=\dimen270
\pgf@yd=\dimen271
\w@pgf@writea=\write6
\r@pgf@reada=\read3
\c@pgf@counta=\count324
\c@pgf@countb=\count325
\c@pgf@countc=\count326
\c@pgf@countd=\count327
\t@pgf@toka=\toks40
\t@pgf@tokb=\toks41
\t@pgf@tokc=\toks42
\pgf@sys@id@count=\count328
 (c:/texlive/2022/texmf-dist/tex/generic/pgf/systemlayer/pgf.cfg
File: pgf.cfg 2021/05/15 v3.1.9a (3.1.9a)
)
Driver file for pgf: pgfsys-dvips.def
 (c:/texlive/2022/texmf-dist/tex/generic/pgf/systemlayer/pgfsys-dvips.def
File: pgfsys-dvips.def 2021/05/15 v3.1.9a (3.1.9a)
 (c:/texlive/2022/texmf-dist/tex/generic/pgf/systemlayer/pgfsys-common-postscript.def
File: pgfsys-common-postscript.def 2021/05/15 v3.1.9a (3.1.9a)
\pgf@objectcount=\count329
))) (c:/texlive/2022/texmf-dist/tex/generic/pgf/systemlayer/pgfsyssoftpath.code.tex
File: pgfsyssoftpath.code.tex 2021/05/15 v3.1.9a (3.1.9a)
\pgfsyssoftpath@smallbuffer@items=\count330
\pgfsyssoftpath@bigbuffer@items=\count331
) (c:/texlive/2022/texmf-dist/tex/generic/pgf/systemlayer/pgfsysprotocol.code.tex
File: pgfsysprotocol.code.tex 2021/05/15 v3.1.9a (3.1.9a)
)) (c:/texlive/2022/texmf-dist/tex/generic/pgf/basiclayer/pgfcore.code.tex
Package: pgfcore 2021/05/15 v3.1.9a (3.1.9a)
 (c:/texlive/2022/texmf-dist/tex/generic/pgf/math/pgfmath.code.tex) (c:/texlive/2022/texmf-dist/tex/generic/pgf/math/pgfint.code.tex) (c:/texlive/2022/texmf-dist/tex/generic/pgf/basiclayer/pgfcorepoints.code.tex
File: pgfcorepoints.code.tex 2021/05/15 v3.1.9a (3.1.9a)
\pgf@picminx=\dimen272
\pgf@picmaxx=\dimen273
\pgf@picminy=\dimen274
\pgf@picmaxy=\dimen275
\pgf@pathminx=\dimen276
\pgf@pathmaxx=\dimen277
\pgf@pathminy=\dimen278
\pgf@pathmaxy=\dimen279
\pgf@xx=\dimen280
\pgf@xy=\dimen281
\pgf@yx=\dimen282
\pgf@yy=\dimen283
\pgf@zx=\dimen284
\pgf@zy=\dimen285
) (c:/texlive/2022/texmf-dist/tex/generic/pgf/basiclayer/pgfcorepathconstruct.code.tex
File: pgfcorepathconstruct.code.tex 2021/05/15 v3.1.9a (3.1.9a)
\pgf@path@lastx=\dimen286
\pgf@path@lasty=\dimen287
) (c:/texlive/2022/texmf-dist/tex/generic/pgf/basiclayer/pgfcorepathusage.code.tex
File: pgfcorepathusage.code.tex 2021/05/15 v3.1.9a (3.1.9a)
\pgf@shorten@end@additional=\dimen288
\pgf@shorten@start@additional=\dimen289
) (c:/texlive/2022/texmf-dist/tex/generic/pgf/basiclayer/pgfcorescopes.code.tex
File: pgfcorescopes.code.tex 2021/05/15 v3.1.9a (3.1.9a)
\pgfpic=\box70
\pgf@hbox=\box71
\pgf@layerbox@main=\box72
\pgf@picture@serial@count=\count332
) (c:/texlive/2022/texmf-dist/tex/generic/pgf/basiclayer/pgfcoregraphicstate.code.tex
File: pgfcoregraphicstate.code.tex 2021/05/15 v3.1.9a (3.1.9a)
\pgflinewidth=\dimen290
) (c:/texlive/2022/texmf-dist/tex/generic/pgf/basiclayer/pgfcoretransformations.code.tex
File: pgfcoretransformations.code.tex 2021/05/15 v3.1.9a (3.1.9a)
\pgf@pt@x=\dimen291
\pgf@pt@y=\dimen292
\pgf@pt@temp=\dimen293
) (c:/texlive/2022/texmf-dist/tex/generic/pgf/basiclayer/pgfcorequick.code.tex
File: pgfcorequick.code.tex 2021/05/15 v3.1.9a (3.1.9a)
) (c:/texlive/2022/texmf-dist/tex/generic/pgf/basiclayer/pgfcoreobjects.code.tex
File: pgfcoreobjects.code.tex 2021/05/15 v3.1.9a (3.1.9a)
) (c:/texlive/2022/texmf-dist/tex/generic/pgf/basiclayer/pgfcorepathprocessing.code.tex
File: pgfcorepathprocessing.code.tex 2021/05/15 v3.1.9a (3.1.9a)
) (c:/texlive/2022/texmf-dist/tex/generic/pgf/basiclayer/pgfcorearrows.code.tex
File: pgfcorearrows.code.tex 2021/05/15 v3.1.9a (3.1.9a)
\pgfarrowsep=\dimen294
) (c:/texlive/2022/texmf-dist/tex/generic/pgf/basiclayer/pgfcoreshade.code.tex
File: pgfcoreshade.code.tex 2021/05/15 v3.1.9a (3.1.9a)
\pgf@max=\dimen295
\pgf@sys@shading@range@num=\count333
\pgf@shadingcount=\count334
) (c:/texlive/2022/texmf-dist/tex/generic/pgf/basiclayer/pgfcoreimage.code.tex
File: pgfcoreimage.code.tex 2021/05/15 v3.1.9a (3.1.9a)
 (c:/texlive/2022/texmf-dist/tex/generic/pgf/basiclayer/pgfcoreexternal.code.tex
File: pgfcoreexternal.code.tex 2021/05/15 v3.1.9a (3.1.9a)
\pgfexternal@startupbox=\box73
)) (c:/texlive/2022/texmf-dist/tex/generic/pgf/basiclayer/pgfcorelayers.code.tex
File: pgfcorelayers.code.tex 2021/05/15 v3.1.9a (3.1.9a)
) (c:/texlive/2022/texmf-dist/tex/generic/pgf/basiclayer/pgfcoretransparency.code.tex
File: pgfcoretransparency.code.tex 2021/05/15 v3.1.9a (3.1.9a)
) (c:/texlive/2022/texmf-dist/tex/generic/pgf/basiclayer/pgfcorepatterns.code.tex
File: pgfcorepatterns.code.tex 2021/05/15 v3.1.9a (3.1.9a)
) (c:/texlive/2022/texmf-dist/tex/generic/pgf/basiclayer/pgfcorerdf.code.tex
File: pgfcorerdf.code.tex 2021/05/15 v3.1.9a (3.1.9a)
))) (c:/texlive/2022/texmf-dist/tex/generic/pgf/modules/pgfmoduleshapes.code.tex
File: pgfmoduleshapes.code.tex 2021/05/15 v3.1.9a (3.1.9a)
\pgfnodeparttextbox=\box74
) (c:/texlive/2022/texmf-dist/tex/generic/pgf/modules/pgfmoduleplot.code.tex
File: pgfmoduleplot.code.tex 2021/05/15 v3.1.9a (3.1.9a)
) (c:/texlive/2022/texmf-dist/tex/latex/pgf/compatibility/pgfcomp-version-0-65.sty
Package: pgfcomp-version-0-65 2021/05/15 v3.1.9a (3.1.9a)
\pgf@nodesepstart=\dimen296
\pgf@nodesepend=\dimen297
) (c:/texlive/2022/texmf-dist/tex/latex/pgf/compatibility/pgfcomp-version-1-18.sty
Package: pgfcomp-version-1-18 2021/05/15 v3.1.9a (3.1.9a)
)) (c:/texlive/2022/texmf-dist/tex/latex/pgf/utilities/pgffor.sty (c:/texlive/2022/texmf-dist/tex/latex/pgf/utilities/pgfkeys.sty (c:/texlive/2022/texmf-dist/tex/generic/pgf/utilities/pgfkeys.code.tex)) (c:/texlive/2022/texmf-dist/tex/latex/pgf/math/pgfmath.sty (c:/texlive/2022/texmf-dist/tex/generic/pgf/math/pgfmath.code.tex)) (c:/texlive/2022/texmf-dist/tex/generic/pgf/utilities/pgffor.code.tex
Package: pgffor 2021/05/15 v3.1.9a (3.1.9a)
 (c:/texlive/2022/texmf-dist/tex/generic/pgf/math/pgfmath.code.tex)
\pgffor@iter=\dimen298
\pgffor@skip=\dimen299
\pgffor@stack=\toks43
\pgffor@toks=\toks44
)) (c:/texlive/2022/texmf-dist/tex/generic/pgf/frontendlayer/tikz/tikz.code.tex
Package: tikz 2021/05/15 v3.1.9a (3.1.9a)
 (c:/texlive/2022/texmf-dist/tex/generic/pgf/libraries/pgflibraryplothandlers.code.tex
File: pgflibraryplothandlers.code.tex 2021/05/15 v3.1.9a (3.1.9a)
\pgf@plot@mark@count=\count335
\pgfplotmarksize=\dimen300
)
\tikz@lastx=\dimen301
\tikz@lasty=\dimen302
\tikz@lastxsaved=\dimen303
\tikz@lastysaved=\dimen304
\tikz@lastmovetox=\dimen305
\tikz@lastmovetoy=\dimen306
\tikzleveldistance=\dimen307
\tikzsiblingdistance=\dimen308
\tikz@figbox=\box75
\tikz@figbox@bg=\box76
\tikz@tempbox=\box77
\tikz@tempbox@bg=\box78
\tikztreelevel=\count336
\tikznumberofchildren=\count337
\tikznumberofcurrentchild=\count338
\tikz@fig@count=\count339
 (c:/texlive/2022/texmf-dist/tex/generic/pgf/modules/pgfmodulematrix.code.tex
File: pgfmodulematrix.code.tex 2021/05/15 v3.1.9a (3.1.9a)
\pgfmatrixcurrentrow=\count340
\pgfmatrixcurrentcolumn=\count341
\pgf@matrix@numberofcolumns=\count342
)
\tikz@expandcount=\count343
 (c:/texlive/2022/texmf-dist/tex/generic/pgf/frontendlayer/tikz/libraries/tikzlibrarytopaths.code.tex
File: tikzlibrarytopaths.code.tex 2021/05/15 v3.1.9a (3.1.9a)
))) (c:/texlive/2022/texmf-dist/tex/latex/l3packages/xparse/xparse.sty (c:/texlive/2022/texmf-dist/tex/latex/l3kernel/expl3.sty
Package: expl3 2022-02-24 L3 programming layer (loader) 
 (c:/texlive/2022/texmf-dist/tex/latex/l3backend/l3backend-dvips.def
File: l3backend-dvips.def 2022-02-07 L3 backend support: dvips
\l__pdf_internal_box=\box79
\g__pdf_backend_object_int=\count344
\l__pdf_backend_content_box=\box80
\l__pdf_backend_model_box=\box81
\g__pdf_backend_annotation_int=\count345
\g__pdf_backend_link_int=\count346
\g__pdf_backend_link_sf_int=\count347
))
Package: xparse 2022-01-12 L3 Experimental document command parser
) (c:/texlive/2022/texmf-dist/tex/generic/xstring/xstring.sty (c:/texlive/2022/texmf-dist/tex/generic/xstring/xstring.tex
\integerpart=\count348
\decimalpart=\count349
)
Package: xstring 2021/07/21 v1.84 String manipulations (CT)
) (c:/texlive/2022/texmf-dist/tex/generic/pgf/frontendlayer/tikz/libraries/tikzlibrarybackgrounds.code.tex
File: tikzlibrarybackgrounds.code.tex 2021/05/15 v3.1.9a (3.1.9a)
\pgf@layerbox@background=\box82
\pgf@layerboxsaved@background=\box83
) (c:/texlive/2022/texmf-dist/tex/generic/pgf/frontendlayer/tikz/libraries/tikzlibrarycalc.code.tex
File: tikzlibrarycalc.code.tex 2021/05/15 v3.1.9a (3.1.9a)
) (c:/texlive/2022/texmf-dist/tex/generic/pgf/frontendlayer/tikz/libraries/tikzlibraryfadings.code.tex
File: tikzlibraryfadings.code.tex 2021/05/15 v3.1.9a (3.1.9a)
 (c:/texlive/2022/texmf-dist/tex/generic/pgf/libraries/pgflibraryfadings.code.tex
File: pgflibraryfadings.code.tex 2021/05/15 v3.1.9a (3.1.9a)
)) (c:/texlive/2022/texmf-dist/tex/generic/pgf/frontendlayer/tikz/libraries/tikzlibraryshadows.code.tex
File: tikzlibraryshadows.code.tex 2021/05/15 v3.1.9a (3.1.9a)
) (c:/texlive/2022/texmf-dist/tex/generic/pgf/frontendlayer/tikz/libraries/tikzlibraryshapes.arrows.code.tex
File: tikzlibraryshapes.arrows.code.tex 2021/05/15 v3.1.9a (3.1.9a)
 (c:/texlive/2022/texmf-dist/tex/generic/pgf/libraries/shapes/pgflibraryshapes.arrows.code.tex
File: pgflibraryshapes.arrows.code.tex 2021/05/15 v3.1.9a (3.1.9a)
)) (c:/texlive/2022/texmf-dist/tex/generic/pgf/frontendlayer/tikz/libraries/tikzlibraryshapes.symbols.code.tex
File: tikzlibraryshapes.symbols.code.tex 2021/05/15 v3.1.9a (3.1.9a)
 (c:/texlive/2022/texmf-dist/tex/generic/pgf/libraries/shapes/pgflibraryshapes.symbols.code.tex
File: pgflibraryshapes.symbols.code.tex 2021/05/15 v3.1.9a (3.1.9a)
))
\pgf@layerbox@smart diagram arrow back=\box84
\pgf@layerboxsaved@smart diagram arrow back=\box85
 (c:/texlive/2022/texmf-dist/tex/latex/smartdiagram/smartdiagramlibrarycore.definitions.code.tex) (c:/texlive/2022/texmf-dist/tex/latex/smartdiagram/smartdiagramlibrarycore.styles.code.tex) (c:/texlive/2022/texmf-dist/tex/latex/smartdiagram/smartdiagramlibrarycore.commands.code.tex)) (c:/texlive/2022/texmf-dist/tex/latex/frankenstein/attrib.sty
Package: attrib 2001/08/31 v1.3 attribution of block elements (Frankenstein's hat)
 (c:/texlive/2022/texmf-dist/tex/latex/frankenstein/moredefs.sty
Package: moredefs 2001/08/31 v1.8 more defining commands (Frankenstein's brain)
\sc@toks@a=\toks45
\sc@toks@b=\toks46
)
\AttribMinSkip=\skip63
) (c:/texlive/2022/texmf-dist/tex/latex/amsfonts/amssymb.sty
Package: amssymb 2013/01/14 v3.01 AMS font symbols
 (c:/texlive/2022/texmf-dist/tex/latex/amsfonts/amsfonts.sty
Package: amsfonts 2013/01/14 v3.01 Basic AMSFonts support
\@emptytoks=\toks47
\symAMSa=\mathgroup4
\symAMSb=\mathgroup5
LaTeX Font Info:    Redeclaring math symbol \hbar on input line 98.
LaTeX Font Info:    Overwriting math alphabet `\mathfrak' in version `bold'
(Font)                  U/euf/m/n --> U/euf/b/n on input line 106.
)) (c:/texlive/2022/texmf-dist/tex/latex/amsmath/amsmath.sty
Package: amsmath 2021/10/15 v2.17l AMS math features
\@mathmargin=\skip64

For additional information on amsmath, use the `?' option.
(c:/texlive/2022/texmf-dist/tex/latex/amsmath/amstext.sty
Package: amstext 2021/08/26 v2.01 AMS text
 (c:/texlive/2022/texmf-dist/tex/latex/amsmath/amsgen.sty
File: amsgen.sty 1999/11/30 v2.0 generic functions
\@emptytoks=\toks48
\ex@=\dimen309
)) (c:/texlive/2022/texmf-dist/tex/latex/amsmath/amsbsy.sty
Package: amsbsy 1999/11/29 v1.2d Bold Symbols
\pmbraise@=\dimen310
) (c:/texlive/2022/texmf-dist/tex/latex/amsmath/amsopn.sty
Package: amsopn 2021/08/26 v2.02 operator names
)
\inf@bad=\count350
LaTeX Info: Redefining \frac on input line 234.
\uproot@=\count351
\leftroot@=\count352
LaTeX Info: Redefining \overline on input line 399.
\classnum@=\count353
\DOTSCASE@=\count354
LaTeX Info: Redefining \ldots on input line 496.
LaTeX Info: Redefining \dots on input line 499.
LaTeX Info: Redefining \cdots on input line 620.
\Mathstrutbox@=\box86
\strutbox@=\box87
\big@size=\dimen311
LaTeX Font Info:    Redeclaring font encoding OML on input line 743.
LaTeX Font Info:    Redeclaring font encoding OMS on input line 744.
\macc@depth=\count355
\c@MaxMatrixCols=\count356
\dotsspace@=\muskip17
\c@parentequation=\count357
\dspbrk@lvl=\count358
\tag@help=\toks49
\row@=\count359
\column@=\count360
\maxfields@=\count361
\andhelp@=\toks50
\eqnshift@=\dimen312
\alignsep@=\dimen313
\tagshift@=\dimen314
\tagwidth@=\dimen315
\totwidth@=\dimen316
\lineht@=\dimen317
\@envbody=\toks51
\multlinegap=\skip65
\multlinetaggap=\skip66
\mathdisplay@stack=\toks52
LaTeX Info: Redefining \[ on input line 2938.
LaTeX Info: Redefining \] on input line 2939.
) (c:/texlive/2022/texmf-dist/tex/latex/amscls/amsthm.sty
Package: amsthm 2020/05/29 v2.20.6
\thm@style=\toks53
\thm@bodyfont=\toks54
\thm@headfont=\toks55
\thm@notefont=\toks56
\thm@headpunct=\toks57
\thm@preskip=\skip67
\thm@postskip=\skip68
\thm@headsep=\skip69
\dth@everypar=\toks58
) (c:/texlive/2022/texmf-dist/tex/latex/mathtools/mathtools.sty
Package: mathtools 2022/02/07 v1.28a mathematical typesetting tools
 (c:/texlive/2022/texmf-dist/tex/latex/mathtools/mhsetup.sty
Package: mhsetup 2021/03/18 v1.4 programming setup (MH)
)
\g_MT_multlinerow_int=\count362
\l_MT_multwidth_dim=\dimen318
\origjot=\skip70
\l_MT_shortvdotswithinadjustabove_dim=\dimen319
\l_MT_shortvdotswithinadjustbelow_dim=\dimen320
\l_MT_above_intertext_sep=\dimen321
\l_MT_below_intertext_sep=\dimen322
\l_MT_above_shortintertext_sep=\dimen323
\l_MT_below_shortintertext_sep=\dimen324
\xmathstrut@box=\box88
\xmathstrut@dim=\dimen325
) (c:/texlive/2022/texmf-dist/tex/latex/graphics/rotating.sty
Package: rotating 2016/08/11 v2.16d rotated objects in LaTeX
 (c:/texlive/2022/texmf-dist/tex/latex/base/ifthen.sty
Package: ifthen 2020/11/24 v1.1c Standard LaTeX ifthen package (DPC)
)
\c@r@tfl@t=\count363
\rotFPtop=\skip71
\rotFPbot=\skip72
\rot@float@box=\box89
\rot@mess@toks=\toks59
) (c:/texlive/2022/texmf-dist/tex/latex/boxedminipage/boxedminipage.sty
Package: boxedminipage 2020/04/19 v1.1 Boxed LaTeX2e minipages
\bmp@box=\box90
\bmp@width=\skip73
\bmp@height=\skip74
) (c:/texlive/2022/texmf-dist/tex/generic/dvips/rotate.sty
\@rotdimen=\dimen326
\@rotbox=\box91
) (c:/texlive/2022/texmf-dist/tex/latex/textpos/textpos.sty
Package: textpos 2020/09/26 v1.10

Package: textpos 2020/09/26 1.10, absolute positioning of text on the page
Package textpos Info: choosing support for LaTeX3 on input line 61.
\TP@textbox=\box92
\TP@holdbox=\box93
\TPHorizModule=\dimen327
\TPVertModule=\dimen328
\TP@margin=\dimen329
\TP@absmargin=\dimen330
Grid set 16 x 16 = 90.0pt x 56.25pt
\TPboxrulesize=\dimen331
\TP@ox=\dimen332
\TP@oy=\dimen333
\TP@tbargs=\toks60
TextBlockOrigin set to 0pt x 0pt
) (c:/texlive/2022/texmf-dist/tex/latex/psfrag/psfrag.sty
Package: psfrag 1998/04/11 v3.04 PSfrag (MCG)
\pfg@pcount=\count364
\pfg@scount=\count365
\pfg@temp=\write7
) (c:/texlive/2022/texmf-dist/tex/latex/overpic/overpic.sty
Package: overpic 2020/02/22 1.3 picture overlays (RN)
 (c:/texlive/2022/texmf-dist/tex/latex/eepic/epic.sty
Enhancements to Picture Environment. Version 1.2 - Released June 1, 1986
\@@multicnt=\count366
\d@lta=\count367
\@delta=\dimen334
\@@delta=\dimen335
\@gridcnt=\count368
\@joinkind=\count369
\@dotgap=\dimen336
\@ddotgap=\dimen337
\@x@diff=\count370
\@y@diff=\count371
\x@diff=\dimen338
\y@diff=\dimen339
\@dotbox=\box94
\num@segments=\count372
\num@segmentsi=\count373
\@datafile=\read4
)
\OVP@box=\box95
) (c:/texlive/2022/texmf-dist/tex/latex/fouriernc/fouriernc.sty
Package: fouriernc 2005/12/20 1.0 fouriernc package
 (c:/texlive/2022/texmf-dist/tex/latex/fourier/fourier.sty
Package: fourier 2022/02/05 2.3 fourier-GUTenberg package
Now handling font encoding FML ...
... no UTF-8 mapping file for font encoding FML
Now handling font encoding FMS ...
... no UTF-8 mapping file for font encoding FMS
Now handling font encoding FMX ...
... no UTF-8 mapping file for font encoding FMX
 (c:/texlive/2022/texmf-dist/tex/latex/base/fontenc.sty
Package: fontenc 2021/04/29 v2.0v Standard LaTeX package
LaTeX Font Info:    Trying to load font information for T1+futs on input line 112.
 (c:/texlive/2022/texmf-dist/tex/latex/fourier/t1futs.fd
File: t1futs.fd 2004/03/02 Fontinst v1.926 font definitions for T1/futs.
)) (c:/texlive/2022/texmf-dist/tex/latex/base/textcomp.sty
Package: textcomp 2020/02/02 v2.0n Standard LaTeX package
) (c:/texlive/2022/texmf-dist/tex/latex/fourier/fourier-orns.sty
Package: fourier-orns 2022/02/05 2.3 fourier-ornaments package
)
LaTeX Font Info:    Redeclaring symbol font `operators' on input line 63.
LaTeX Font Info:    Encoding `OT1' has changed to `T1' for symbol font
(Font)              `operators' in the math version `normal' on input line 63.
LaTeX Font Info:    Overwriting symbol font `operators' in version `normal'
(Font)                  OT1/cmr/m/n --> T1/futs/m/n on input line 63.
LaTeX Font Info:    Encoding `OT1' has changed to `T1' for symbol font
(Font)              `operators' in the math version `bold' on input line 63.
LaTeX Font Info:    Overwriting symbol font `operators' in version `bold'
(Font)                  OT1/cmr/bx/n --> T1/futs/m/n on input line 63.
LaTeX Font Info:    Overwriting symbol font `operators' in version `bold'
(Font)                  T1/futs/m/n --> T1/futs/b/n on input line 64.
LaTeX Font Info:    Redeclaring symbol font `letters' on input line 72.
LaTeX Font Info:    Encoding `OML' has changed to `FML' for symbol font
(Font)              `letters' in the math version `normal' on input line 72.
LaTeX Font Info:    Overwriting symbol font `letters' in version `normal'
(Font)                  OML/cmm/m/it --> FML/futmi/m/it on input line 72.
LaTeX Font Info:    Encoding `OML' has changed to `FML' for symbol font
(Font)              `letters' in the math version `bold' on input line 72.
LaTeX Font Info:    Overwriting symbol font `letters' in version `bold'
(Font)                  OML/cmm/b/it --> FML/futmi/m/it on input line 72.
\symotherletters=\mathgroup6
LaTeX Font Info:    Overwriting symbol font `letters' in version `bold'
(Font)                  FML/futmi/m/it --> FML/futmi/b/it on input line 74.
LaTeX Font Info:    Overwriting symbol font `otherletters' in version `bold'
(Font)                  FML/futm/m/it --> FML/futm/b/it on input line 75.
LaTeX Font Info:    Redeclaring math symbol \Gamma on input line 76.
LaTeX Font Info:    Redeclaring math symbol \Delta on input line 77.
LaTeX Font Info:    Redeclaring math symbol \Theta on input line 78.
LaTeX Font Info:    Redeclaring math symbol \Lambda on input line 79.
LaTeX Font Info:    Redeclaring math symbol \Xi on input line 80.
LaTeX Font Info:    Redeclaring math symbol \Pi on input line 81.
LaTeX Font Info:    Redeclaring math symbol \Sigma on input line 82.
LaTeX Font Info:    Redeclaring math symbol \Upsilon on input line 83.
LaTeX Font Info:    Redeclaring math symbol \Phi on input line 84.
LaTeX Font Info:    Redeclaring math symbol \Psi on input line 85.
LaTeX Font Info:    Redeclaring math symbol \Omega on input line 86.
LaTeX Font Info:    Redeclaring symbol font `symbols' on input line 126.
LaTeX Font Info:    Encoding `OMS' has changed to `FMS' for symbol font
(Font)              `symbols' in the math version `normal' on input line 126.
LaTeX Font Info:    Overwriting symbol font `symbols' in version `normal'
(Font)                  OMS/cmsy/m/n --> FMS/futm/m/n on input line 126.
LaTeX Font Info:    Encoding `OMS' has changed to `FMS' for symbol font
(Font)              `symbols' in the math version `bold' on input line 126.
LaTeX Font Info:    Overwriting symbol font `symbols' in version `bold'
(Font)                  OMS/cmsy/b/n --> FMS/futm/m/n on input line 126.
LaTeX Font Info:    Redeclaring symbol font `largesymbols' on input line 127.
LaTeX Font Info:    Encoding `OMX' has changed to `FMX' for symbol font
(Font)              `largesymbols' in the math version `normal' on input line 127.
LaTeX Font Info:    Overwriting symbol font `largesymbols' in version `normal'
(Font)                  OMX/cmex/m/n --> FMX/futm/m/n on input line 127.
LaTeX Font Info:    Encoding `OMX' has changed to `FMX' for symbol font
(Font)              `largesymbols' in the math version `bold' on input line 127.
LaTeX Font Info:    Overwriting symbol font `largesymbols' in version `bold'
(Font)                  OMX/cmex/m/n --> FMX/futm/m/n on input line 127.
LaTeX Font Info:    Redeclaring math alphabet \mathbf on input line 128.
LaTeX Font Info:    Overwriting math alphabet `\mathbf' in version `normal'
(Font)                  OT1/cmr/bx/n --> T1/futs/bx/n on input line 128.
LaTeX Font Info:    Overwriting math alphabet `\mathbf' in version `bold'
(Font)                  OT1/cmr/bx/n --> T1/futs/bx/n on input line 128.
LaTeX Font Info:    Redeclaring math alphabet \mathrm on input line 129.
LaTeX Font Info:    Redeclaring math alphabet \mathit on input line 130.
LaTeX Font Info:    Overwriting math alphabet `\mathit' in version `normal'
(Font)                  OT1/cmr/m/it --> T1/futs/m/it on input line 130.
LaTeX Font Info:    Overwriting math alphabet `\mathit' in version `bold'
(Font)                  OT1/cmr/bx/it --> T1/futs/m/it on input line 130.
LaTeX Font Info:    Redeclaring math alphabet \mathcal on input line 131.
LaTeX Font Info:    Redeclaring math symbol \varkappa on input line 132.
LaTeX Font Info:    Redeclaring math symbol \leqslant on input line 138.
LaTeX Font Info:    Redeclaring math symbol \geqslant on input line 139.
LaTeX Font Info:    Redeclaring math symbol \vDash on input line 142.
LaTeX Font Info:    Redeclaring math symbol \blacktriangleleft on input line 143.
LaTeX Font Info:    Redeclaring math symbol \blacktriangleright on input line 144.
LaTeX Font Info:    Redeclaring math symbol \nleqslant on input line 145.
LaTeX Font Info:    Redeclaring math symbol \ngeqslant on input line 146.
LaTeX Font Info:    Redeclaring math symbol \parallel on input line 147.
LaTeX Font Info:    Redeclaring math symbol \nparallel on input line 148.
LaTeX Font Info:    Redeclaring math symbol \nvDash on input line 150.
LaTeX Font Info:    Redeclaring math symbol \intercal on input line 151.
LaTeX Font Info:    Redeclaring math symbol \hslash on input line 152.
LaTeX Font Info:    Redeclaring math symbol \nexists on input line 153.
LaTeX Font Info:    Redeclaring math symbol \complement on input line 154.
LaTeX Font Info:    Redeclaring math symbol \varsubsetneq on input line 155.
LaTeX Font Info:    Redeclaring math symbol \hbar on input line 161.
LaTeX Font Info:    Redeclaring math symbol \smallsetminus on input line 162.
LaTeX Font Info:    Redeclaring math symbol \subsetneqq on input line 163.
LaTeX Font Info:    Redeclaring math symbol \rightrightarrows on input line 164.
LaTeX Font Info:    Redeclaring math symbol \leftleftarrows on input line 165.
LaTeX Font Info:    Redeclaring math symbol \square on input line 166.
LaTeX Font Info:    Redeclaring math symbol \curvearrowleft on input line 167.
LaTeX Font Info:    Redeclaring math symbol \curvearrowright on input line 168.
LaTeX Font Info:    Redeclaring math symbol \blacksquare on input line 169.
LaTeX Font Info:    Redeclaring math symbol \varkappa on input line 199.
LaTeX Font Info:    Redeclaring math symbol \varvarrho on input line 200.
LaTeX Font Info:    Redeclaring math delimiter \Vert on input line 223.
LaTeX Font Info:    Redeclaring math delimiter \vert on input line 228.
LaTeX Font Info:    Redeclaring math delimiter \lvert on input line 230.
LaTeX Font Info:    Redeclaring math delimiter \rvert on input line 232.
LaTeX Font Info:    Redeclaring math delimiter \lVert on input line 234.
LaTeX Font Info:    Redeclaring math delimiter \rVert on input line 236.
LaTeX Font Info:    Redeclaring math delimiter \Downarrow on input line 238.
LaTeX Font Info:    Redeclaring math delimiter \backslash on input line 240.
LaTeX Font Info:    Redeclaring math delimiter \rangle on input line 242.
LaTeX Font Info:    Redeclaring math delimiter \langle on input line 244.
LaTeX Font Info:    Redeclaring math delimiter \rbrace on input line 246.
LaTeX Font Info:    Redeclaring math delimiter \lbrace on input line 248.
LaTeX Font Info:    Redeclaring math delimiter \rceil on input line 250.
LaTeX Font Info:    Redeclaring math delimiter \lceil on input line 252.
LaTeX Font Info:    Redeclaring math delimiter \rfloor on input line 254.
LaTeX Font Info:    Redeclaring math delimiter \lfloor on input line 256.
LaTeX Font Info:    Redeclaring math accent \acute on input line 260.
LaTeX Font Info:    Redeclaring math accent \grave on input line 261.
LaTeX Font Info:    Redeclaring math accent \ddot on input line 262.
LaTeX Font Info:    Redeclaring math accent \tilde on input line 263.
LaTeX Font Info:    Redeclaring math accent \bar on input line 264.
LaTeX Font Info:    Redeclaring math accent \breve on input line 265.
LaTeX Font Info:    Redeclaring math accent \check on input line 266.
LaTeX Font Info:    Redeclaring math accent \hat on input line 267.
LaTeX Font Info:    Redeclaring math accent \dot on input line 268.
LaTeX Font Info:    Redeclaring math accent \mathring on input line 269.
\symUfutm=\mathgroup7
)
LaTeX Font Info:    Redeclaring symbol font `letters' on input line 16.
LaTeX Font Info:    Overwriting symbol font `letters' in version `normal'
(Font)                  FML/futmi/m/it --> FML/fncmi/m/it on input line 16.
LaTeX Font Info:    Overwriting symbol font `letters' in version `bold'
(Font)                  FML/futmi/b/it --> FML/fncmi/m/it on input line 16.
LaTeX Font Info:    Redeclaring symbol font `otherletters' on input line 17.
LaTeX Font Info:    Overwriting symbol font `otherletters' in version `normal'
(Font)                  FML/futm/m/it --> FML/fncm/m/it on input line 17.
LaTeX Font Info:    Overwriting symbol font `otherletters' in version `bold'
(Font)                  FML/futm/b/it --> FML/fncm/m/it on input line 17.
LaTeX Font Info:    Overwriting symbol font `letters' in version `bold'
(Font)                  FML/fncmi/m/it --> FML/fncmi/b/it on input line 18.
LaTeX Font Info:    Overwriting symbol font `otherletters' in version `bold'
(Font)                  FML/fncm/m/it --> FML/fncm/b/it on input line 19.
LaTeX Font Info:    Redeclaring symbol font `operators' on input line 32.
LaTeX Font Info:    Overwriting symbol font `operators' in version `normal'
(Font)                  T1/futs/m/n --> T1/fnc/m/n on input line 32.
LaTeX Font Info:    Overwriting symbol font `operators' in version `bold'
(Font)                  T1/futs/b/n --> T1/fnc/m/n on input line 32.
LaTeX Font Info:    Overwriting symbol font `operators' in version `bold'
(Font)                  T1/fnc/m/n --> T1/fnc/b/n on input line 33.
LaTeX Font Info:    Redeclaring symbol font `symbols' on input line 34.
LaTeX Font Info:    Overwriting symbol font `symbols' in version `normal'
(Font)                  FMS/futm/m/n --> FMS/fncm/m/n on input line 34.
LaTeX Font Info:    Overwriting symbol font `symbols' in version `bold'
(Font)                  FMS/futm/m/n --> FMS/fncm/m/n on input line 34.
LaTeX Font Info:    Redeclaring math alphabet \mathbf on input line 35.
LaTeX Font Info:    Overwriting math alphabet `\mathbf' in version `normal'
(Font)                  T1/futs/bx/n --> T1/fnc/b/n on input line 35.
LaTeX Font Info:    Overwriting math alphabet `\mathbf' in version `bold'
(Font)                  T1/futs/bx/n --> T1/fnc/b/n on input line 35.
LaTeX Font Info:    Redeclaring math alphabet \mathrm on input line 36.
LaTeX Font Info:    Overwriting math alphabet `\mathrm' in version `normal'
(Font)                  T1/futs/m/n --> T1/fnc/m/n on input line 36.
LaTeX Font Info:    Overwriting math alphabet `\mathrm' in version `bold'
(Font)                  T1/futs/m/n --> T1/fnc/m/n on input line 36.
LaTeX Font Info:    Redeclaring math alphabet \mathit on input line 37.
LaTeX Font Info:    Overwriting math alphabet `\mathit' in version `normal'
(Font)                  T1/futs/m/it --> T1/fnc/m/it on input line 37.
LaTeX Font Info:    Overwriting math alphabet `\mathit' in version `bold'
(Font)                  T1/futs/m/it --> T1/fnc/m/it on input line 37.
LaTeX Font Info:    Redeclaring math alphabet \mathcal on input line 38.
LaTeX Font Info:    Overwriting math alphabet `\mathcal' in version `normal'
(Font)                  FMS/futm/m/n --> FMS/fncm/m/n on input line 38.
LaTeX Font Info:    Overwriting math alphabet `\mathcal' in version `bold'
(Font)                  FMS/futm/m/n --> FMS/fncm/m/n on input line 38.
) (c:/texlive/2022/texmf-dist/tex/latex/pst-3d/pst-3d.sty
Package: pst-3d 2009/07/28 package wrapper for pst-3d.tex (hv)
 (c:/texlive/2022/texmf-dist/tex/generic/pst-3d/pst-3d.tex `PST-3d' v1.11, 2010/02/14 (tvz))
File: pst-3d.tex 2010/02/14 v1.11 `PST-3d' (hv)
) (c:/texlive/2022/texmf-dist/tex/latex/pst-grad/pst-grad.sty
Package: pst-grad 2004/07/15 package wrapper for pst-grad.tex (hv)
 (c:/texlive/2022/texmf-dist/tex/generic/pst-grad/pst-grad.tex `pst-grad' v1.06, 2006/11/27 (tvz,dg,hv))
File: pst-grad.tex 2006/11/27 1.06 `pst-grad' (tvz)
) (c:/texlive/2022/texmf-dist/tex/latex/pstricks-add/pstricks-add.sty (c:/texlive/2022/texmf-dist/tex/latex/pst-plot/pst-plot.sty
Package: pst-plot 2011/06/05 v1.00 LaTeX wrapper for `pst-plot' (HV)
 (c:/texlive/2022/texmf-dist/tex/latex/xkeyval/pst-xkey.sty
Package: pst-xkey 2005/11/25 v1.6 package wrapper for pst-xkey.tex (HA)
) (c:/texlive/2022/texmf-dist/tex/latex/multido/multido.sty
Package: multido 2004/05/17 package wrapper for PSTricks `multido.tex', (HV/RN)
 (c:/texlive/2022/texmf-dist/tex/generic/multido/multido.tex  v1.42, 2010/05/14 <tvz>
\multido@count=\count374
\multidocount=\count375
\multido@stuff=\toks61
)
File: multido.tex 2010/05/14 v1.42 `multido' (tvz,hv)
)
Package: pst-plot 2021/09/23 package wrapper for pst-plot.tex (hv)
 (c:/texlive/2022/texmf-dist/tex/generic/pst-plot/pst-plot.tex (c:/texlive/2022/texmf-dist/tex/generic/pst-tools/pst-tools.tex `PST-tools' v0.12, 2021/09/23 (hv)
\randomi=\count376
\ranval=\count377
) (c:/texlive/2022/texmf-dist/tex/generic/pstricks-add/pstricks-add.tex (c:/texlive/2022/texmf-dist/tex/generic/pst-node/pst-node.tex  v1.43, 2022/01/31
\psrow=\count378
\pscol=\count379
\psmatrixcnt=\count380
\psrowsep=\skip75
\pscolsep=\skip76
\pst@args=\count381
\num@pts=\count382
\pst@argcnt=\count383
) (c:/texlive/2022/texmf-dist/tex/generic/pst-arrow/pst-arrow.tex `pst-arrow' v0.05, 2021/11/16 (dr,hv)) (c:/texlive/2022/texmf-dist/tex/generic/pst-math/pst-math.tex `pst-math' v0.64 , (CJ,hv)) `pstricks-add' v3.92, 2021/12/25 (dr,hv)
\psparallelogramsep=\dimen340
\pst@cntC=\count384
\pst@stepcount=\count385
\chart@ColorIndex=\dimen341
\chart@ColorStep=\dimen342
\pst@chartHeight=\dimen343
\pst@chartStackDepth=\dimen344
\pst@chartStackWidth=\dimen345
\chart@Toggle=\count386
\psVectorCtr=\count387
)  v1.93, 2021/09/23 (tvz,hv)
\pstRadUnit=\dimen346
\pstRadUnitInv=\dimen347
\pst@linecnt=\count388
\RCD@file=\read5
\psxlabelsep=\dimen348
\psylabelsep=\dimen349
\psk@subticksize=\dimen350
\pst@xticksizeA=\dimen351
\pst@xticksizeB=\dimen352
\pst@xticksizeC=\dimen353
\pst@yticksizeA=\dimen354
\pst@yticksizeB=\dimen355
\pst@yticksizeC=\dimen356
\@digitcounter=\count389
\psk@llx=\dimen357
\psk@lly=\dimen358
\psk@urx=\dimen359
\psk@ury=\dimen360
\pst@xunit=\dimen361
\pst@yunit=\dimen362
)
File: pst-plot.tex 2021/09/23 1.93 `pst-plot' (tvz,hv)
) (c:/texlive/2022/texmf-dist/tex/latex/pst-node/pst-node.sty
Package: pst-node 2012/09/18 v1.01 LaTeX wrapper for `pst-node' (HV)
Package: pst-node 2010/04/22 package wrapper for pst-node.tex
 (c:/texlive/2022/texmf-dist/tex/generic/pst-node/pst-node.tex)
File: pst-node.tex 2021/09/23 1.93 `pst-node' (tvz,hv)
) (c:/texlive/2022/texmf-dist/tex/latex/pst-math/pst-math.sty
Package: pst-math 2018/12/16 v 0.65 package wrapper for PSTricks pst-math.tex
 (c:/texlive/2022/texmf-dist/tex/latex/pst-calculate/pst-calculate.sty
Package: pst-calculate 2019/01/24 v. 0.02(Herbert Voss) Support for caculations with floating point numbers.
 (c:/texlive/2022/texmf-dist/tex/latex/siunitx/siunitx.sty
Package: siunitx 2022-02-15 v3.0.49 A comprehensive (SI) units package
\l__siunitx_angle_tmp_dim=\dimen363
\l__siunitx_angle_marker_box=\box96
\l__siunitx_angle_unit_box=\box97
\l__siunitx_compound_count_int=\count390
 (c:/texlive/2022/texmf-dist/tex/latex/translations/translations.sty
Package: translations 2022/02/05 v1.12 internationalization of LaTeX2e packages (CN)
)
\l__siunitx_number_exponent_fixed_int=\count391
\l__siunitx_number_min_decimal_int=\count392
\l__siunitx_number_min_integer_int=\count393
\l__siunitx_number_round_precision_int=\count394
\l__siunitx_number_group_minimum_int=\count395
\l__siunitx_table_tmp_box=\box98
\l__siunitx_table_tmp_dim=\dimen364
\l__siunitx_table_column_width_dim=\dimen365
\l__siunitx_table_integer_box=\box99
\l__siunitx_table_decimal_box=\box100
\l__siunitx_table_before_box=\box101
\l__siunitx_table_after_box=\box102
\l__siunitx_table_before_dim=\dimen366
\l__siunitx_table_carry_dim=\dimen367
\l__siunitx_unit_tmp_int=\count396
\l__siunitx_unit_position_int=\count397
\l__siunitx_unit_total_int=\count398
 (c:/texlive/2022/texmf-dist/tex/latex/l3packages/l3keys2e/l3keys2e.sty
Package: l3keys2e 2022-01-12 LaTeX2e option processing using LaTeX3 keys
) (c:/texlive/2022/texmf-dist/tex/latex/tools/array.sty
Package: array 2021/10/04 v2.5f Tabular extension package (FMi)
\col@sep=\dimen368
\ar@mcellbox=\box103
\extrarowheight=\dimen369
\NC@list=\toks62
\extratabsurround=\skip77
\backup@length=\skip78
\ar@cellbox=\box104
))) (c:/texlive/2022/texmf-dist/tex/generic/iftex/ifluatex.sty
Package: ifluatex 2019/10/25 v1.5 ifluatex legacy package. Use iftex instead.
) (c:/texlive/2022/texmf-dist/tex/generic/pst-math/pst-math.tex)
File: pst-math.tex 2021/09/23 v1.93 `PST-math' (hv)
\c@Rand@No=\count399
\c@Random@Left=\count400
\c@Random@Right=\count401
\c@Random@No@max=\count402
)
Package: pstricks-add 2021/09/10 v. 0.17 package wrapper for pstricks-add.tex (hv)
 (c:/texlive/2022/texmf-dist/tex/generic/pstricks-add/pstricks-add.tex)
File: pstricks-add.tex 2021/09/23 v1.93 `PSTricks-add' (hv)
) (c:/texlive/2022/texmf-dist/tex/latex/pst-text/pst-text.sty
Package: pst-text 2018/12/28 package wrapper for pst-text.tex (hv)
 (c:/texlive/2022/texmf-dist/tex/generic/pst-text/pst-text.tex  v1.01, 2018/12/22(tvz,hv))
File: pst-text.tex 2018/12/22 1.01 `pst-text' (tvz)
) (c:/texlive/2022/texmf-dist/tex/latex/pst-tree/pst-tree.sty
Package: pst-tree 2009/01/25 package wrapper for pst-tree.tex
 (c:/texlive/2022/texmf-dist/tex/generic/pst-tree/pst-tree.tex  v1.14, 2021/09/04(tvz,dg,hv)
\pstree@rootbox=\box105
\pstree@box=\box106
\psnodecnt=\count403
\pstreelevel=\count404
\pstreecnt=\count405
\pstree@cnt=\count406
\pstree@stop=\count407
)
File: pst-tree.tex 2021/09/04 1.14 `pst-tree' (tvz,hv)
) (c:/texlive/2022/texmf-dist/tex/latex/moreverb/moreverb.sty
Package: moreverb 2008/06/03 v2.3a `more' verbatim facilities
\tab@position=\count408
\tab@size=\count409
\listing@line=\count410
) (c:/texlive/2022/texmf-dist/tex/latex/graphics/epsfig.sty
Package: epsfig 2017/06/25 v1.7b (e)psfig emulation (SPQR)
\epsfxsize=\dimen370
\epsfysize=\dimen371
) (c:/texlive/2022/texmf-dist/tex/latex/subfigure/subfigure.sty
Package: subfigure 2002/03/15 v2.1.5 subfigure package
\subfigtopskip=\skip79
\subfigcapskip=\skip80
\subfigcaptopadj=\dimen372
\subfigbottomskip=\skip81
\subfigcapmargin=\dimen373
\subfiglabelskip=\skip82
\c@subfigure=\count411
\c@lofdepth=\count412
\c@subtable=\count413
\c@lotdepth=\count414

****************************************
* Local config file subfigure.cfg used *
****************************************
(c:/texlive/2022/texmf-dist/tex/latex/subfigure/subfigure.cfg)
\subfig@top=\skip83
\subfig@bottom=\skip84
) (c:/texlive/2022/texmf-dist/tex/latex/booktabs/booktabs.sty
Package: booktabs 2020/01/12 v1.61803398 Publication quality tables
\heavyrulewidth=\dimen374
\lightrulewidth=\dimen375
\cmidrulewidth=\dimen376
\belowrulesep=\dimen377
\belowbottomsep=\dimen378
\aboverulesep=\dimen379
\abovetopsep=\dimen380
\cmidrulesep=\dimen381
\cmidrulekern=\dimen382
\defaultaddspace=\dimen383
\@cmidla=\count415
\@cmidlb=\count416
\@aboverulesep=\dimen384
\@belowrulesep=\dimen385
\@thisruleclass=\count417
\@lastruleclass=\count418
\@thisrulewidth=\dimen386
) (c:/texlive/2022/texmf-dist/tex/latex/etex-pkg/etex.sty
Package: etex 2016/08/01 v2.7 eTeX basic definition package (PEB,DPC)


Package etex Warning: Extended allocation already in use.
(etex)                etex.sty code will not be used.
(etex)                To force etex package to load, add
(etex)                \RequirePackage{etex}
(etex)                at the start of the document.

) (c:/texlive/2022/texmf-dist/tex/latex/breqn/breqn.sty
Package: breqn 2021/10/28 v0.98l Breaking equations
 (c:/texlive/2022/texmf-dist/tex/latex/breqn/flexisym.sty
Package: flexisym 2021/10/28 v0.98l Make math characters macros
LaTeX Info: Redefining \textprime on input line 299.
LaTeX Info: Redefining \not on input line 357.
 (c:/texlive/2022/texmf-dist/tex/latex/breqn/cmbase.sym
File: cmbase.sym 2007/12/19 v0.92
LaTeX Info: Redefining \hbar on input line 324.
LaTeX Info: Redefining \surd on input line 326.
LaTeX Info: Redefining \angle on input line 334.
LaTeX Info: Redefining \neq on input line 335.
LaTeX Info: Redefining \mapsto on input line 336.
LaTeX Info: Redefining \cong on input line 337.
LaTeX Info: Redefining \notin on input line 340.
LaTeX Info: Redefining \rightleftharpoons on input line 341.
LaTeX Info: Redefining \doteq on input line 342.
LaTeX Info: Redefining \hookrightarrow on input line 343.
LaTeX Info: Redefining \hookleftarrow on input line 344.
LaTeX Info: Redefining \bowtie on input line 345.
LaTeX Info: Redefining \models on input line 346.
LaTeX Info: Redefining \Longrightarrow on input line 347.
LaTeX Info: Redefining \longrightarrow on input line 348.
LaTeX Info: Redefining \Longleftarrow on input line 349.
LaTeX Info: Redefining \longleftarrow on input line 350.
LaTeX Info: Redefining \longmapsto on input line 351.
LaTeX Info: Redefining \longleftrightarrow on input line 352.
LaTeX Info: Redefining \Longleftrightarrow on input line 353.
LaTeX Info: Redefining \cdots on input line 357.
LaTeX Info: Redefining \vdots on input line 360.
LaTeX Info: Redefining \ddots on input line 365.
) (c:/texlive/2022/texmf-dist/tex/latex/breqn/mathstyle.sty
Package: mathstyle 2021/10/28 v0.98l Tracking mathstyle implicitly
LaTeX Info: Redefining \displaystyle on input line 95.
LaTeX Info: Redefining \textstyle on input line 97.
LaTeX Info: Redefining \scriptstyle on input line 99.
LaTeX Info: Redefining \scriptscriptstyle on input line 101.
LaTeX Info: Redefining \genfrac on input line 149.
))
\inf@bad=\count419
\maxint=\count420
\listwidth=\dimen387
\eqnumsep=\dimen388
\eqmargin=\dimen389
\eqlinespacing=\skip85
\eqlineskip=\skip86
\eqlineskiplimit=\dimen390
\eqbinoffset=\muskip18
\eqdelimoffset=\muskip19
\eqindentstep=\dimen391
\eqstyle=\toks63
\eqbreakdepth=\count421
\eqinterlinepenalty=\count422
\intereqpenalty=\count423
\intereqskip=\skip87
\prerelpenalty=\count424
\prebinoppenalty=\count425
\Dmedmuskip=\muskip20
\Dthickmuskip=\muskip21
\eqleftskip=\skip88
\eqrightskip=\skip89
\eq@vspan=\skip90
\eq@binoffset=\muskip22
\EQ@box=\box107
\EQ@copy=\box108
\EQ@numbox=\box109
\eq@wdNum=\dimen392
\GRP@numbox=\box110
\grp@wdNum=\dimen393
\eq@lines=\count426
\eq@curline=\count427
\eq@badness=\count428
\EQ@vims=\count429
\eq@dp=\dimen394
\eq@wdL=\dimen395
\eq@wdT=\dimen396
\eq@wdMin=\dimen397
\grp@wdL=\dimen398
\grp@wdR=\dimen399
\grp@wdT=\dimen400
\eq@wdRmax=\dimen401
\eq@firstht=\dimen402
\eq@wdCond=\dimen403
\eq@indentstep=\dimen404
\eq@linewidth=\dimen405
\grp@linewidth=\dimen406
\eq@hshift=\dimen407
\eq@given@sidespace=\dimen408
\eq@final@linecount=\count430
\eq@wdR=\dimen409
\EQ@continue=\toks64
\lr@level=\count431
\GRP@queue=\toks65
\GRP@box=\box111
\GRP@wholebox=\box112
\darraycolsep=\skip91
\cur@row=\count432
\cur@col=\count433
\conditionsep=\skip92
) (c:/texlive/2022/texmf-dist/tex/latex/multirow/multirow.sty
Package: multirow 2021/03/15 v2.8 Span multiple rows of a table
\multirow@colwidth=\skip93
\multirow@cntb=\count434
\multirow@dima=\skip94
\bigstrutjot=\dimen410
) (c:/texlive/2022/texmf-dist/tex/latex/natbib/natbib.sty
Package: natbib 2010/09/13 8.31b (PWD, AO)
\bibhang=\skip95
\bibsep=\skip96
LaTeX Info: Redefining \cite on input line 694.
\c@NAT@ctr=\count435
) (c:/texlive/2022/texmf-dist/tex/latex/natbib/bibentry.sty
Package: bibentry 2007/10/30 1.5 (PWD)
) (c:/texlive/2022/texmf-dist/tex/latex/gitinfo2/gitinfo2.sty
Package: gitinfo2 2015/11/22 v2.0.7 git revision information
 (c:/texlive/2022/texmf-dist/tex/latex/eso-pic/eso-pic.sty
Package: eso-pic 2020/10/14 v3.0a eso-pic (RN)
\ESO@tempdima=\dimen411
\ESO@tempdimb=\dimen412
)

Package gitinfo2 Warning: I can't find the file '.git/gitHeadInfo.gin'.
(gitinfo2)                All git metadata has been set to '(None)'.

) (c:/texlive/2022/texmf-dist/tex/latex/units/nicefrac.sty
Package: nicefrac 1998/08/04 v0.9b Nice fractions
\L@UnitsRaiseDisplaystyle=\skip97
\L@UnitsRaiseTextstyle=\skip98
\L@UnitsRaiseScriptstyle=\skip99
) (c:/texlive/2022/texmf-dist/tex/latex/media9/media9.sty
Package: media9 2022/03/18 v1.24 acrobat-9/X compatible media
\g_mix_pkgresizeflag_int=\count436
 (c:/texlive/2022/texmf-dist/tex/latex/media9/pdfbase.sty
Package: pdfbase 2022/03/18 v0.54 driver independent access to low-level PDF features
\g_pbs_page_int=\count437
\g_pbs_obj_int=\count438
) (c:/texlive/2022/texmf-dist/tex/latex/ocgx2/ocgbase.sty
Package: ocgbase 2021/06/11 v0.20 support package for ocgx2.sty
\g_ocgbase_nd_int=\count439
)
\l_mix_poster_box=\box113
\g_mix_wd_dim=\dimen413
\g_mix_ht_dim=\dimen414
\g_mix_dp_dim=\dimen415
\g_mix_rmcnt_int=\count440
\l_mix_viewcnt_int=\count441
\g@mix@page@int=\count442
\g_mix_resizeflag_int=\count443
\l_mix_lineno_int=\count444
\l_mix_pbtn_box=\box114
\g_mix_mbtncnt_int=\count445
\mix@btn@dim=\dimen416
) (c:/texlive/2022/texmf-dist/tex/latex/animate/animate.sty
Package: animate 2022/02/21 PDF & SVG animations from files and inline graphics
 (c:/texlive/2022/texmf-dist/tex/latex/oberdiek/ifdraft.sty
Package: ifdraft 2016/05/16 v1.4 Detect class options draft and final (HO)
) (c:/texlive/2022/texmf-dist/tex/latex/zref/zref-abspage.sty
Package: zref-abspage 2020-07-03 v2.32 Module abspage for zref (HO)
 (c:/texlive/2022/texmf-dist/tex/latex/zref/zref-base.sty
Package: zref-base 2020-07-03 v2.32 Module base for zref (HO)
Package zref Info: New property list: main on input line 764.
Package zref Info: New property: default on input line 765.
Package zref Info: New property: page on input line 766.
)
\c@abspage=\count446
Package zref Info: New property: abspage on input line 66.
)
\@anim@box=\box115
\@anim@measbox=\box116
\@anim@tmpdima=\dimen417
\@anim@tmpdimb=\dimen418
\@anim@num=\count447
\@anim@curframe=\count448
\@anim@curframe@zb=\count449
\@anim@resizeflags=\count450
\@anim@skipfram=\count451
\@anim@mulframecnt=\count452
\@anim@@tmlnfile=\read6
\@anim@tmpcnt=\count453
\c@@anim@ltxcnt=\count454
\@anim@curlayer=\count455
\@anim@lineno=\count456
\@anim@curfield=\count457
\@anim@@resizeflags=\count458
) (c:/texlive/2022/texmf-dist/tex/latex/auto-pst-pdf/auto-pst-pdf.sty
Package: auto-pst-pdf 2020/10/08 v0.7 Wrapper for pst-pdf
 (c:/texlive/2022/texmf-dist/tex/generic/iftex/ifpdf.sty
Package: ifpdf 2019/10/25 v3.4 ifpdf legacy package. Use iftex instead.
) (c:/texlive/2022/texmf-dist/tex/latex/ifplatform/ifplatform.sty
Package: ifplatform 2017/10/13 v0.4a Testing for the operating system
 (c:/texlive/2022/texmf-dist/tex/latex/tools/shellesc.sty
Package: shellesc 2019/11/08 v1.0c unified shell escape interface for LaTeX
Package shellesc Info: Restricted shell escape enabled on input line 77.
) (c:/texlive/2022/texmf-dist/tex/generic/catchfile/catchfile.sty
Package: catchfile 2019/12/09 v1.8 Catch the contents of a file (HO)
)

Package ifplatform Warning: 
    shell escape is disabled, so I can only detect \ifwindows.

)
\c@app@runs=\count459
 (c:/texlive/2022/texmf-dist/tex/latex/pst-pdf/pst-pdf.sty
Package: pst-pdf 2020/10/10 v1.2f PS graphics for pdfLaTeX (RN,HjG)
\c@pspicture=\count460
Package pst-pdf Info: MODE: 9 (inactive mode) on input line 457.
)) (c:/texlive/2022/texmf-dist/tex/latex/breakurl/breakurl.sty
Package: breakurl 2013/04/10 v1.40 Breakable hyperref URLs
\burl@toks=\toks66
) (c:/texlive/2022/texmf-dist/tex/latex/fontawesome/fontawesome.sty
Package: fontawesome 2016/05/15 v4.6.3.1 font awesome icons
 (c:/texlive/2022/texmf-dist/tex/latex/fontawesome/fontawesomesymbols-generic.tex) (c:/texlive/2022/texmf-dist/tex/latex/fontawesome/fontawesomesymbols-pdftex.tex)) (c:/texlive/2022/texmf-dist/tex/latex/tools/multicol.sty
Package: multicol 2021/10/28 v1.9b multicolumn formatting (FMi)
\c@tracingmulticols=\count461
\mult@box=\box117
\multicol@leftmargin=\dimen419
\c@unbalance=\count462
\c@collectmore=\count463
\doublecol@number=\count464
\multicoltolerance=\count465
\multicolpretolerance=\count466
\full@width=\dimen420
\page@free=\dimen421
\premulticols=\dimen422
\postmulticols=\dimen423
\multicolsep=\skip100
\multicolbaselineskip=\skip101
\partial@page=\box118
\last@line=\box119
\maxbalancingoverflow=\dimen424
\mult@rightbox=\box120
\mult@grightbox=\box121
\mult@firstbox=\box122
\mult@gfirstbox=\box123
\@tempa=\box124
\@tempa=\box125
\@tempa=\box126
\@tempa=\box127
\@tempa=\box128
\@tempa=\box129
\@tempa=\box130
\@tempa=\box131
\@tempa=\box132
\@tempa=\box133
\@tempa=\box134
\@tempa=\box135
\@tempa=\box136
\@tempa=\box137
\@tempa=\box138
\@tempa=\box139
\@tempa=\box140
\@tempa=\box141
\@tempa=\box142
\@tempa=\box143
\@tempa=\box144
\@tempa=\box145
\@tempa=\box146
\@tempa=\box147
\@tempa=\box148
\@tempa=\box149
\@tempa=\box150
\@tempa=\box151
\@tempa=\box152
\@tempa=\box153
\@tempa=\box154
\@tempa=\box155
\@tempa=\box156
\@tempa=\box157
\@tempa=\box158
\@tempa=\box159
\c@minrows=\count467
\c@columnbadness=\count468
\c@finalcolumnbadness=\count469
\last@try=\dimen425
\multicolovershoot=\dimen426
\multicolundershoot=\dimen427
\mult@nat@firstbox=\box160
\colbreak@box=\box161
\mc@col@check@num=\count470
) (c:/texlive/2022/texmf-dist/tex/latex/base/inputenc.sty
Package: inputenc 2021/02/14 v1.3d Input encoding file
\inpenc@prehook=\toks67
\inpenc@posthook=\toks68
) (c:/texlive/2022/texmf-dist/tex/latex/adigraph/adigraph.sty
Package: adigraph 2018/03/27 v1.7.1LaTeX package for creating augmenting directed graphs
 (c:/texlive/2022/texmf-dist/tex/latex/fp/fp.sty
Package: fp 1995/04/02
 `Fixed Point Package', Version 0.8, April 2, 1995 (C) Michael Mehlich (c:/texlive/2022/texmf-dist/tex/latex/fp/defpattern.sty
Package: defpattern 1994/10/12
\actioncount=\count471
) (c:/texlive/2022/texmf-dist/tex/latex/fp/fp-basic.sty
Package: fp-basic 1996/05/13
\FP@xs=\count472
\FP@xia=\count473
\FP@xib=\count474
\FP@xfa=\count475
\FP@xfb=\count476
\FP@rega=\count477
\FP@regb=\count478
\FP@regs=\count479
\FP@times=\count480
) (c:/texlive/2022/texmf-dist/tex/latex/fp/fp-addons.sty
Package: fp-addons 1995/03/15
) (c:/texlive/2022/texmf-dist/tex/latex/fp/fp-snap.sty
Package: fp-snap 1995/04/05
) (c:/texlive/2022/texmf-dist/tex/latex/fp/fp-exp.sty
Package: fp-exp 1995/04/03
) (c:/texlive/2022/texmf-dist/tex/latex/fp/fp-trigo.sty
Package: fp-trigo 1995/04/14
) (c:/texlive/2022/texmf-dist/tex/latex/fp/fp-pas.sty
Package: fp-pas 1994/08/29
) (c:/texlive/2022/texmf-dist/tex/latex/fp/fp-random.sty
Package: fp-random 1995/02/23
\FPseed=\count481
) (c:/texlive/2022/texmf-dist/tex/latex/fp/fp-eqn.sty
Package: fp-eqn 1995/04/03
) (c:/texlive/2022/texmf-dist/tex/latex/fp/fp-upn.sty
Package: fp-upn 1996/10/21
) (c:/texlive/2022/texmf-dist/tex/latex/fp/fp-eval.sty
Package: fp-eval 1995/04/03
))
\c@AdigraphTotalNodeCounter=\count482
\c@AdigraphCurrentNodeCounter=\count483
\c@AdigraphNumberOfPaths=\count484
\c@AdigraphCurrentPathNumber=\count485
\c@AdigraphAdjacentNodes=\count486
) (c:/texlive/2022/texmf-dist/tex/latex/tkz-graph/tkz-graph.sty
2021/01/20 v 2.00 tkz-graph.sty
Package: tkz-graph 2021/01/20 2.00 base for graphs
(c:/texlive/2022/texmf-dist/tex/generic/pgf/frontendlayer/tikz/libraries/tikzlibraryarrows.code.tex
File: tikzlibraryarrows.code.tex 2021/05/15 v3.1.9a (3.1.9a)
 (c:/texlive/2022/texmf-dist/tex/generic/pgf/libraries/pgflibraryarrows.code.tex
File: pgflibraryarrows.code.tex 2021/05/15 v3.1.9a (3.1.9a)
\arrowsize=\dimen428
))
\c@tkz@gr@a=\count487
\c@tkz@gr@b=\count488
\c@tkz@gr@c=\count489
\c@tkz@gr@e=\count490
\c@tkz@gr@d=\count491
\c@tkz@gr@p=\count492
\c@tkz@gr@i=\count493
\c@tkz@gr@n=\count494
\c@tkz@gr@ta=\count495
\c@tkz@gr@tb=\count496
) (c:/texlive/2022/texmf-dist/tex/generic/ulem/ulem.sty
\UL@box=\box162
\UL@hyphenbox=\box163
\UL@skip=\skip102
\UL@hook=\toks69
\UL@height=\dimen429
\UL@pe=\count497
\UL@pixel=\dimen430
\ULC@box=\box164
Package: ulem 2019/11/18
\ULdepth=\dimen431
) (c:/texlive/2022/texmf-dist/tex/latex/pgfplots/pgfplots.sty (c:/texlive/2022/texmf-dist/tex/generic/pgfplots/pgfplots.revision.tex)
Package: pgfplots 2021/05/15 v1.18.1 Data Visualization (1.18.1)
 (c:/texlive/2022/texmf-dist/tex/generic/pgfplots/pgfplots.code.tex (c:/texlive/2022/texmf-dist/tex/generic/pgfplots/pgfplotscore.code.tex
\t@pgfplots@toka=\toks70
\t@pgfplots@tokb=\toks71
\t@pgfplots@tokc=\toks72
\pgfplots@tmpa=\dimen432
\c@pgfplots@coordindex=\count498
\c@pgfplots@scanlineindex=\count499
 (c:/texlive/2022/texmf-dist/tex/generic/pgfplots/sys/pgfplotssysgeneric.code.tex)) (c:/texlive/2022/texmf-dist/tex/generic/pgfplots/libs/pgfplotslibrary.code.tex) (c:/texlive/2022/texmf-dist/tex/generic/pgfplots/oldpgfcompatib/pgfplotsoldpgfsupp_loader.code.tex (c:/texlive/2022/texmf-dist/tex/generic/pgf/libraries/pgflibraryfpu.code.tex)) (c:/texlive/2022/texmf-dist/tex/generic/pgfplots/util/pgfplotsutil.code.tex (c:/texlive/2022/texmf-dist/tex/generic/pgfplots/liststructure/pgfplotsliststructure.code.tex) (c:/texlive/2022/texmf-dist/tex/generic/pgfplots/liststructure/pgfplotsliststructureext.code.tex) (c:/texlive/2022/texmf-dist/tex/generic/pgfplots/liststructure/pgfplotsarray.code.tex
\c@pgfplotsarray@tmp=\count500
) (c:/texlive/2022/texmf-dist/tex/generic/pgfplots/liststructure/pgfplotsmatrix.code.tex) (c:/texlive/2022/texmf-dist/tex/generic/pgfplots/numtable/pgfplotstableshared.code.tex
\c@pgfplotstable@counta=\count501
\t@pgfplotstable@a=\toks73
) (c:/texlive/2022/texmf-dist/tex/generic/pgfplots/liststructure/pgfplotsdeque.code.tex) (c:/texlive/2022/texmf-dist/tex/generic/pgfplots/util/pgfplotsbinary.code.tex (c:/texlive/2022/texmf-dist/tex/generic/pgfplots/util/pgfplotsbinary.data.code.tex)) (c:/texlive/2022/texmf-dist/tex/generic/pgfplots/util/pgfplotsutil.verb.code.tex) (c:/texlive/2022/texmf-dist/tex/generic/pgfplots/libs/pgflibrarypgfplots.surfshading.code.tex
\c@pgfplotslibrarysurf@no=\count502
 (c:/texlive/2022/texmf-dist/tex/generic/pgfplots/sys/pgflibrarypgfplots.surfshading.pgfsys-dvips.def))) (c:/texlive/2022/texmf-dist/tex/generic/pgfplots/util/pgfplotscolormap.code.tex (c:/texlive/2022/texmf-dist/tex/generic/pgfplots/util/pgfplotscolor.code.tex)) (c:/texlive/2022/texmf-dist/tex/generic/pgfplots/pgfplotsstackedplots.code.tex) (c:/texlive/2022/texmf-dist/tex/generic/pgfplots/pgfplotsplothandlers.code.tex (c:/texlive/2022/texmf-dist/tex/generic/pgfplots/pgfplotsmeshplothandler.code.tex (c:/texlive/2022/texmf-dist/tex/generic/pgfplots/pgfplotsmeshplotimage.code.tex))) (c:/texlive/2022/texmf-dist/tex/generic/pgfplots/pgfplots.scaling.code.tex) (c:/texlive/2022/texmf-dist/tex/generic/pgfplots/pgfplotscoordprocessing.code.tex) (c:/texlive/2022/texmf-dist/tex/generic/pgfplots/pgfplots.errorbars.code.tex) (c:/texlive/2022/texmf-dist/tex/generic/pgfplots/pgfplots.markers.code.tex) (c:/texlive/2022/texmf-dist/tex/generic/pgfplots/pgfplotsticks.code.tex) (c:/texlive/2022/texmf-dist/tex/generic/pgfplots/pgfplots.paths.code.tex) (c:/texlive/2022/texmf-dist/tex/generic/pgf/frontendlayer/tikz/libraries/tikzlibrarydecorations.code.tex (c:/texlive/2022/texmf-dist/tex/generic/pgf/modules/pgfmoduledecorations.code.tex
\pgfdecoratedcompleteddistance=\dimen433
\pgfdecoratedremainingdistance=\dimen434
\pgfdecoratedinputsegmentcompleteddistance=\dimen435
\pgfdecoratedinputsegmentremainingdistance=\dimen436
\pgf@decorate@distancetomove=\dimen437
\pgf@decorate@repeatstate=\count503
\pgfdecorationsegmentamplitude=\dimen438
\pgfdecorationsegmentlength=\dimen439
)
\tikz@lib@dec@box=\box165
) (c:/texlive/2022/texmf-dist/tex/generic/pgf/frontendlayer/tikz/libraries/tikzlibrarydecorations.pathmorphing.code.tex (c:/texlive/2022/texmf-dist/tex/generic/pgf/libraries/decorations/pgflibrarydecorations.pathmorphing.code.tex)) (c:/texlive/2022/texmf-dist/tex/generic/pgf/frontendlayer/tikz/libraries/tikzlibrarydecorations.pathreplacing.code.tex (c:/texlive/2022/texmf-dist/tex/generic/pgf/libraries/decorations/pgflibrarydecorations.pathreplacing.code.tex)) (c:/texlive/2022/texmf-dist/tex/generic/pgfplots/libs/tikzlibrarypgfplots.contourlua.code.tex)
\pgfplots@numplots=\count504
\pgfplots@xmin@reg=\dimen440
\pgfplots@xmax@reg=\dimen441
\pgfplots@ymin@reg=\dimen442
\pgfplots@ymax@reg=\dimen443
\pgfplots@zmin@reg=\dimen444
\pgfplots@zmax@reg=\dimen445
) (c:/texlive/2022/texmf-dist/tex/generic/pgf/frontendlayer/tikz/libraries/tikzlibraryplotmarks.code.tex
File: tikzlibraryplotmarks.code.tex 2021/05/15 v3.1.9a (3.1.9a)
 (c:/texlive/2022/texmf-dist/tex/generic/pgf/libraries/pgflibraryplotmarks.code.tex
File: pgflibraryplotmarks.code.tex 2021/05/15 v3.1.9a (3.1.9a)
))) (c:/texlive/2022/texmf-dist/tex/latex/todonotes/todonotes.sty
Package: todonotes 2021/06/04 v1.1.5 Todonotes source and documentation.
Package: todonotes 2021/06/04
 (c:/texlive/2022/texmf-dist/tex/generic/pgf/frontendlayer/tikz/libraries/tikzlibrarypositioning.code.tex
File: tikzlibrarypositioning.code.tex 2021/05/15 v3.1.9a (3.1.9a)
)
\c@@todonotes@numberoftodonotes=\count505
) (c:/texlive/2022/texmf-dist/tex/latex/listings/listings.sty
\lst@mode=\count506
\lst@gtempboxa=\box166
\lst@token=\toks74
\lst@length=\count507
\lst@currlwidth=\dimen446
\lst@column=\count508
\lst@pos=\count509
\lst@lostspace=\dimen447
\lst@width=\dimen448
\lst@newlines=\count510
\lst@lineno=\count511
\lst@maxwidth=\dimen449
 (c:/texlive/2022/texmf-dist/tex/latex/listings/lstmisc.sty
File: lstmisc.sty 2020/03/24 1.8d (Carsten Heinz)
\c@lstnumber=\count512
\lst@skipnumbers=\count513
\lst@framebox=\box167
) (c:/texlive/2022/texmf-dist/tex/latex/listings/listings.cfg
File: listings.cfg 2020/03/24 1.8d listings configuration
))
Package: listings 2020/03/24 1.8d (Carsten Heinz)
\pixel=\skip103
Package translations Info: No language package found. I am going to use `english' as default language. on input line 174.
LaTeX Font Info:    Trying to load font information for T1+fnc on input line 174.
 (c:/texlive/2022/texmf-dist/tex/latex/fouriernc/t1fnc.fd
File: t1fnc.fd 2005/12/13 scaled font definitions for T1/fnc.
)
LaTeX Font Info:    Font shape `T1/fnc/m/n' will be
(Font)              scaled to size 13.39188pt on input line 174.
 (./report-slides.aux)
\openout1 = `report-slides.aux'.

LaTeX Font Info:    Checking defaults for OML/cmm/m/it on input line 174.
LaTeX Font Info:    ... okay on input line 174.
LaTeX Font Info:    Checking defaults for OMS/cmsy/m/n on input line 174.
LaTeX Font Info:    ... okay on input line 174.
LaTeX Font Info:    Checking defaults for OT1/cmr/m/n on input line 174.
LaTeX Font Info:    ... okay on input line 174.
LaTeX Font Info:    Checking defaults for T1/cmr/m/n on input line 174.
LaTeX Font Info:    ... okay on input line 174.
LaTeX Font Info:    Checking defaults for TS1/cmr/m/n on input line 174.
LaTeX Font Info:    ... okay on input line 174.
LaTeX Font Info:    Checking defaults for OMX/cmex/m/n on input line 174.
LaTeX Font Info:    ... okay on input line 174.
LaTeX Font Info:    Checking defaults for U/cmr/m/n on input line 174.
LaTeX Font Info:    ... okay on input line 174.
LaTeX Font Info:    Checking defaults for PD1/pdf/m/n on input line 174.
LaTeX Font Info:    ... okay on input line 174.
LaTeX Font Info:    Checking defaults for PU/pdf/m/n on input line 174.
LaTeX Font Info:    ... okay on input line 174.
LaTeX Font Info:    Checking defaults for FML/fncmi/m/it on input line 174.
LaTeX Font Info:    Trying to load font information for FML+fncmi on input line 174.
 (c:/texlive/2022/texmf-dist/tex/latex/fouriernc/fmlfncmi.fd
File: fmlfncmi.fd 2005/12/20 Fontinst v1.928 font definitions for FML/fncmi.
)
LaTeX Font Info:    ... okay on input line 174.
LaTeX Font Info:    Checking defaults for FMS/fncm/m/n on input line 174.
LaTeX Font Info:    Trying to load font information for FMS+fncm on input line 174.
 (c:/texlive/2022/texmf-dist/tex/latex/fouriernc/fmsfncm.fd
File: fmsfncm.fd 2005/12/20 Fontinst v1.928 font definitions for FMS/fncm.
)
LaTeX Font Info:    ... okay on input line 174.
LaTeX Font Info:    Checking defaults for FMX/futm/m/n on input line 174.
LaTeX Font Info:    Trying to load font information for FMX+futm on input line 174.
 (c:/texlive/2022/texmf-dist/tex/latex/fourier/fmxfutm.fd
File: fmxfutm.fd futm-extension
)
LaTeX Font Info:    ... okay on input line 174.

*geometry* driver: auto-detecting
*geometry* detected driver: dvips
*geometry* verbose mode - [ preamble ] result:
* driver: dvips
* paper: custom
* layout: <same size as paper>
* layoutoffset:(h,v)=(0.0pt,0.0pt)
* modes: landscape 
* h-part:(L,W,R)=(0.0pt, 1440.0pt, 0.0pt)
* v-part:(T,H,B)=(450.0pt, 450.0pt, 0.0pt)
* \paperwidth=2879.97437pt
* \paperheight=1799.9878pt
* \textwidth=1440.0pt
* \textheight=450.0pt
* \oddsidemargin=-72.26999pt
* \evensidemargin=-72.26999pt
* \topmargin=338.73001pt
* \headheight=14.0pt
* \headsep=25.0pt
* \topskip=14.0pt
* \footskip=30.0pt
* \marginparwidth=24.0pt
* \marginparsep=10.0pt
* \columnsep=10.0pt
* \skip\footins=12.0pt plus 4.0pt minus 2.0pt
* \hoffset=36.13718pt
* \voffset=22.13718pt
* \mag=2000
* \@twocolumnfalse
* \@twosidefalse
* \@mparswitchfalse
* \@reversemarginfalse
* (1in=72.27pt=25.4mm, 1cm=28.453pt)

Package hyperref Info: Link coloring OFF on input line 174.
(c:/texlive/2022/texmf-dist/tex/latex/hyperref/nameref.sty
Package: nameref 2021-04-02 v2.47 Cross-referencing by name of section
 (c:/texlive/2022/texmf-dist/tex/latex/refcount/refcount.sty
Package: refcount 2019/12/15 v3.6 Data extraction from label references (HO)
) (c:/texlive/2022/texmf-dist/tex/generic/gettitlestring/gettitlestring.sty
Package: gettitlestring 2019/12/15 v1.6 Cleanup title references (HO)
)
\c@section@level=\count514
)
LaTeX Info: Redefining \ref on input line 174.
LaTeX Info: Redefining \pageref on input line 174.
LaTeX Info: Redefining \nameref on input line 174.
 (./report-slides.bm) (./report-slides.bm)
\openout3 = `report-slides.bm'.

 (./report-slides.toc)
\openout4 = `report-slides.toc'.

Package caption Info: Begin \AtBeginDocument code.
Package caption Info: listings package is loaded.
Package caption Info: rotating package is loaded.
Package caption Info: subfigure package is loaded.
Package caption Info: End \AtBeginDocument code.
LaTeX Font Info:    Redeclaring math accent \widehat on input line 174.
LaTeX Font Info:    Redeclaring math accent \widetilde on input line 174.
 (c:/texlive/2022/texmf-dist/tex/latex/translations/translations-basic-dictionary-english.trsl
File: translations-basic-dictionary-english.trsl (english translation file `translations-basic-dictionary')
)
Package translations Info: loading dictionary `translations-basic-dictionary' for `english'. on input line 174.


Package pgfplots Warning: running in backwards compatibility mode (unsuitable tick labels; missing features). Consider writing \pgfplotsset{compat=1.18} into your preamble.
 on input line 174.


Package todonotes Warning: The length marginparwidth is less than 2cm and will most likely cause issues with the appearance of inserted todonotes. The issue can be solved by adding a line like \setlength {\marginparwidth }{2cm} prior to loading the todonotes package. on input line 174.

\c@lstlisting=\count515
[1

]
LaTeX Font Info:    Font shape `T1/fnc/m/n' will be
(Font)              scaled to size 7.43994pt on input line 177.
LaTeX Font Info:    Font shape `T1/fnc/m/sc' will be
(Font)              scaled to size 7.43994pt on input line 177.
LaTeX Font Info:    Font shape `T1/fnc/m/n' will be
(Font)              scaled to size 16.07027pt on input line 177.
LaTeX Font Info:    Font shape `T1/fnc/b/n' will be
(Font)              scaled to size 16.07027pt on input line 177.
LaTeX Font Info:    Font shape `T1/fnc/m/n' will be
(Font)              scaled to size 9.29993pt on input line 177.
LaTeX Font Info:    Font shape `FMX/futm/m/n' will be
(Font)              scaled to size 13.24796pt on input line 177.
LaTeX Font Info:    Font shape `FMX/futm/m/n' will be
(Font)              scaled to size 9.19998pt on input line 177.
LaTeX Font Info:    Font shape `FMX/futm/m/n' will be
(Font)              scaled to size 7.35999pt on input line 177.
LaTeX Font Info:    Trying to load font information for U+msa on input line 177.
 (c:/texlive/2022/texmf-dist/tex/latex/amsfonts/umsa.fd
File: umsa.fd 2013/01/14 v3.01 AMS symbols A
)
LaTeX Font Info:    Trying to load font information for U+msb on input line 177.
 (c:/texlive/2022/texmf-dist/tex/latex/amsfonts/umsb.fd
File: umsb.fd 2013/01/14 v3.01 AMS symbols B
)
LaTeX Font Info:    Trying to load font information for FML+fncm on input line 177.
 (c:/texlive/2022/texmf-dist/tex/latex/fouriernc/fmlfncm.fd
File: fmlfncm.fd 2005/12/20 Fontinst v1.928 font definitions for FML/fncm.
)
LaTeX Font Info:    Font shape `U/futm/m/n' will be
(Font)              scaled to size 13.24796pt on input line 177.
LaTeX Font Info:    Font shape `U/futm/m/n' will be
(Font)              scaled to size 9.19998pt on input line 177.
LaTeX Font Info:    Font shape `U/futm/m/n' will be
(Font)              scaled to size 7.35999pt on input line 177.

Missing character: There is no ^^L in font fourier-mex!
LaTeX Font Info:    Font shape `T1/fnc/m/n' will be
(Font)              scaled to size 11.15991pt on input line 177.
[2]
LaTeX Font Info:    Font shape `T1/fnc/m/n' will be
(Font)              scaled to size 5.57996pt on input line 187.
LaTeX Font Info:    Font shape `T1/fnc/b/n' will be
(Font)              scaled to size 13.39188pt on input line 187.
 [3]
LaTeX Font Info:    Font shape `T1/fnc/m/n' will be
(Font)              scaled to size 19.28804pt on input line 192.
LaTeX Font Info:    Font shape `T1/fnc/b/n' will be
(Font)              scaled to size 19.28804pt on input line 192.
 [4]
LaTeX Font Info:    Trying to load font information for T1+cmtt on input line 254.
 (c:/texlive/2022/texmf-dist/tex/latex/base/t1cmtt.fd
File: t1cmtt.fd 2019/12/16 v2.5j Standard LaTeX font definitions
) [5] [6]
Package hyperref Info: bookmark level for unknown todo defaults to 0 on input line 394.


Package caption Warning: The option `hypcap=true' will be ignored for this
(caption)                particular \caption on input line 394.
See the caption package documentation for explanation.


Package caption Warning: The option `hypcap=true' will be ignored for this
(caption)                particular \caption on input line 394.
See the caption package documentation for explanation.

[7] [8]
Overfull \hbox (31.3592pt too wide) in paragraph at lines 500--500
[][]\T1/fnc/m/n/14.4 14ptTest.  
 []


Overfull \hbox (31.3592pt too wide) in paragraph at lines 500--500
[][]\T1/fnc/m/n/14.4 14ptTest.  
 []


Overfull \hbox (31.3592pt too wide) in paragraph at lines 500--500
[][]\T1/fnc/m/n/14.4 14ptTest.  
 []

[9]

Package caption Warning: The option `hypcap=true' will be ignored for this
(caption)                particular \caption on input line 559.
See the caption package documentation for explanation.

[10]

Package caption Warning: The option `hypcap=true' will be ignored for this
(caption)                particular \caption on input line 615.
See the caption package documentation for explanation.

[11] [12] [13] [14]

Package caption Warning: The option `hypcap=true' will be ignored for this
(caption)                particular \caption on input line 840.
See the caption package documentation for explanation.


Package caption Warning: The option `hypcap=true' will be ignored for this
(caption)                particular \caption on input line 840.
See the caption package documentation for explanation.

[15] [16] [17] [18] [19]

Package caption Warning: The option `hypcap=true' will be ignored for this
(caption)                particular \caption on input line 991.
See the caption package documentation for explanation.

[20]
Overfull \hbox (31.3592pt too wide) in paragraph at lines 1055--1055
[][]\T1/fnc/m/n/14.4 14ptTest.  
 []

LaTeX Font Info:    Font shape `T1/fnc/m/n' will be
(Font)              scaled to size 7.06795pt on input line 1055.
LaTeX Font Info:    Font shape `FMX/futm/m/n' will be
(Font)              scaled to size 6.99199pt on input line 1055.
LaTeX Font Info:    Font shape `FMX/futm/m/n' will be
(Font)              scaled to size 5.51999pt on input line 1055.
LaTeX Font Info:    Font shape `U/futm/m/n' will be
(Font)              scaled to size 6.99199pt on input line 1055.
LaTeX Font Info:    Font shape `U/futm/m/n' will be
(Font)              scaled to size 5.51999pt on input line 1055.
Missing character: There is no ^^L in font fourier-mex!

Overfull \hbox (31.3592pt too wide) in paragraph at lines 1055--1055
[][]\T1/fnc/m/n/14.4 14ptTest.  
 []


Overfull \hbox (31.3592pt too wide) in paragraph at lines 1055--1055
[][]\T1/fnc/m/n/14.4 14ptTest.  
 []


Package caption Warning: The option `hypcap=true' will be ignored for this
(caption)                particular \caption on input line 1055.
See the caption package documentation for explanation.

Missing character: There is no ^^L in font fourier-mex!
[21]

Package caption Warning: The option `hypcap=true' will be ignored for this
(caption)                particular \caption on input line 1100.
See the caption package documentation for explanation.


Overfull \hbox (21.00186pt too wide) in paragraph at lines 1100--1100
[] [] 
 []

[22] [23] [24] [25]

Package caption Warning: The option `hypcap=true' will be ignored for this
(caption)                particular \caption on input line 1257.
See the caption package documentation for explanation.

[26]

Package caption Warning: The option `hypcap=true' will be ignored for this
(caption)                particular \caption on input line 1324.
See the caption package documentation for explanation.

[27] [28] [29]
LaTeX Font Info:    Font shape `T1/fnc/m/n' will be
(Font)              scaled to size 8.36993pt on input line 1412.
LaTeX Font Info:    Font shape `FMX/futm/m/n' will be
(Font)              scaled to size 15.89755pt on input line 1412.
LaTeX Font Info:    Font shape `FMX/futm/m/n' will be
(Font)              scaled to size 11.03998pt on input line 1412.
LaTeX Font Info:    Font shape `FMX/futm/m/n' will be
(Font)              scaled to size 8.27998pt on input line 1412.
LaTeX Font Info:    Font shape `U/futm/m/n' will be
(Font)              scaled to size 15.89755pt on input line 1412.
LaTeX Font Info:    Font shape `U/futm/m/n' will be
(Font)              scaled to size 11.03998pt on input line 1412.
LaTeX Font Info:    Font shape `U/futm/m/n' will be
(Font)              scaled to size 8.27998pt on input line 1412.

Missing character: There is no ^^L in font fourier-mex!
[30]
Missing character: There is no ^^L in font fourier-mex!

Package caption Warning: The option `hypcap=true' will be ignored for this
(caption)                particular \caption on input line 1466.
See the caption package documentation for explanation.

LaTeX Font Info:    Font shape `T1/fnc/b/n' will be
(Font)              scaled to size 9.29993pt on input line 1466.
LaTeX Font Info:    Font shape `T1/fnc/b/n' will be
(Font)              scaled to size 7.43994pt on input line 1466.
[31]

Package caption Warning: The option `hypcap=true' will be ignored for this
(caption)                particular \caption on input line 1511.
See the caption package documentation for explanation.


Overfull \hbox (4.66704pt too wide) in paragraph at lines 1511--1511
 [][] 
 []

[32]

Package enumitem Warning: Negative labelwidth. This does not make much
(enumitem)                sense, on input line 1551.

[33]

Package caption Warning: The option `hypcap=true' will be ignored for this
(caption)                particular \caption on input line 1591.
See the caption package documentation for explanation.


Overfull \hbox (3.4126pt too wide) in paragraph at lines 1591--1591
[]|\T1/fnc/m/n/14.4 FGA| 
 []


Overfull \hbox (4.8991pt too wide) in paragraph at lines 1591--1591
[]|\T1/fnc/m/n/14.4 FG%| 
 []


Overfull \hbox (10.85841pt too wide) in paragraph at lines 1591--1591
[]|\T1/fnc/m/n/14.4 3PT%| 
 []


Overfull \hbox (1.68515pt too wide) in paragraph at lines 1591--1591
[]|\T1/fnc/m/n/14.4 FTA| 
 []


Overfull \hbox (3.41261pt too wide) in paragraph at lines 1591--1591
[]|\T1/fnc/m/n/14.4 FT%| 
 []


Overfull \hbox (7.89871pt too wide) in paragraph at lines 1591--1591
[]|\T1/fnc/m/n/14.4 14.07| 
 []


Overfull \hbox (7.89871pt too wide) in paragraph at lines 1591--1591
[]|\T1/fnc/m/n/14.4 10.59| 
 []


Overfull \hbox (7.89871pt too wide) in paragraph at lines 1591--1591
[]|\T1/fnc/m/n/14.4 10.93| 
 []


Overfull \hbox (7.89871pt too wide) in paragraph at lines 1591--1591
[]|\T1/fnc/m/n/14.4 10.39| 
 []

[34]

Package caption Warning: The option `hypcap=true' will be ignored for this
(caption)                particular \caption on input line 1641.
See the caption package documentation for explanation.


Overfull \hbox (7.85661pt too wide) in paragraph at lines 1641--1641
[]|\T1/fnc/m/n/14.4 (0.35,0.45]| 
 []


Overfull \hbox (6.10127pt too wide) in paragraph at lines 1641--1641
[]|\T1/fnc/m/n/14.4 (0.3,0.35]| 
 []


Overfull \hbox (1.67804pt too wide) in paragraph at lines 1641--1641
[]|\T1/fnc/m/n/14.4 (3.5,$+\FMS/fncm/m/n/14.4 1$\T1/fnc/m/n/14.4 ]| 
 []


Overfull \hbox (1.67804pt too wide) in paragraph at lines 1641--1641
[]|\T1/fnc/m/n/14.4 (2.5,$+\FMS/fncm/m/n/14.4 1$\T1/fnc/m/n/14.4 ]| 
 []


Overfull \hbox (6.10127pt too wide) in paragraph at lines 1641--1641
[]|\T1/fnc/m/n/14.4 (0.25,0.5]| 
 []


Overfull \hbox (7.85661pt too wide) in paragraph at lines 1641--1641
[]|\T1/fnc/m/n/14.4 (0.65,0.75]| 
 []


Overfull \hbox (6.10127pt too wide) in paragraph at lines 1641--1641
[]|\T1/fnc/m/n/14.4 (0.6,0.75]| 
 []


Overfull \hbox (1.67804pt too wide) in paragraph at lines 1641--1641
[]|\T1/fnc/m/n/14.4 (1.7,$+\FMS/fncm/m/n/14.4 1$\T1/fnc/m/n/14.4 ]| 
 []


Overfull \hbox (9.12384pt too wide) in paragraph at lines 1641--1641
[]|\T1/fnc/m/n/14.4 (0.75,$+\FMS/fncm/m/n/14.4 1$\T1/fnc/m/n/14.4 ]| 
 []


Overfull \hbox (1.67804pt too wide) in paragraph at lines 1641--1641
[]|\T1/fnc/m/n/14.4 (0.7,$+\FMS/fncm/m/n/14.4 1$\T1/fnc/m/n/14.4 ]| 
 []

[35]

Package caption Warning: The option `hypcap=true' will be ignored for this
(caption)                particular \caption on input line 1678.
See the caption package documentation for explanation.

[36] [37] [38]
File: ./graphics//gif//question//q_1.eps Graphic file (type eps)
 <./graphics//gif//question//q_1.eps> <a0,fr0>
File: ./graphics//gif//question//q_2.eps Graphic file (type eps)
 <./graphics//gif//question//q_2.eps> <a0,fr1>
File: ./graphics//gif//question//q_3.eps Graphic file (type eps)
 <./graphics//gif//question//q_3.eps> <a0,fr2>
File: ./graphics//gif//question//q_4.eps Graphic file (type eps)
 <./graphics//gif//question//q_4.eps> <a0,fr3>
File: ./graphics//gif//question//q_5.eps Graphic file (type eps)
 <./graphics//gif//question//q_5.eps> <a0,fr4>
File: ./graphics//gif//question//q_6.eps Graphic file (type eps)
 <./graphics//gif//question//q_6.eps> <a0,fr5>
File: ./graphics//gif//question//q_7.eps Graphic file (type eps)
 <./graphics//gif//question//q_7.eps> <a0,fr6>
File: ./graphics//gif//question//q_8.eps Graphic file (type eps)
 <./graphics//gif//question//q_8.eps> <a0,fr7>
File: ./graphics//gif//question//q_9.eps Graphic file (type eps)
 <./graphics//gif//question//q_9.eps> <a0,fr8>
File: ./graphics//gif//question//q_10.eps Graphic file (type eps)
 <./graphics//gif//question//q_10.eps> <a0,fr9>
File: ./graphics//gif//question//q_11.eps Graphic file (type eps)
 <./graphics//gif//question//q_11.eps> <a0,fr10>
File: ./graphics//gif//question//q_12.eps Graphic file (type eps)
 <./graphics//gif//question//q_12.eps> <a0,fr11>
File: ./graphics//gif//question//q_13.eps Graphic file (type eps)
 <./graphics//gif//question//q_13.eps> <a0,fr12>
File: ./graphics//gif//question//q_14.eps Graphic file (type eps)
 <./graphics//gif//question//q_14.eps> <a0,fr13>
File: ./graphics//gif//question//q_15.eps Graphic file (type eps)
 <./graphics//gif//question//q_15.eps> <a0,fr14>
File: ./graphics//gif//question//q_16.eps Graphic file (type eps)
 <./graphics//gif//question//q_16.eps> <a0,fr15>
File: ./graphics//gif//question//q_17.eps Graphic file (type eps)
 <./graphics//gif//question//q_17.eps> <a0,fr16>
File: ./graphics//gif//question//q_18.eps Graphic file (type eps)
 <./graphics//gif//question//q_18.eps> <a0,fr17>
File: ./graphics//gif//question//q_19.eps Graphic file (type eps)
 <./graphics//gif//question//q_19.eps> <a0,fr18>
File: ./graphics//gif//question//q_20.eps Graphic file (type eps)
 <./graphics//gif//question//q_20.eps> <a0,fr19>
File: ./graphics//gif//question//q_21.eps Graphic file (type eps)
 <./graphics//gif//question//q_21.eps> <a0,fr20>
File: ./graphics//gif//question//q_22.eps Graphic file (type eps)
 <./graphics//gif//question//q_22.eps> <a0,fr21>
File: ./graphics//gif//question//q_23.eps Graphic file (type eps)
 <./graphics//gif//question//q_23.eps> <a0,fr22>
File: ./graphics//gif//question//q_24.eps Graphic file (type eps)
 <./graphics//gif//question//q_24.eps> <a0,fr23>
File: ./graphics//gif//question//q_25.eps Graphic file (type eps)
 <./graphics//gif//question//q_25.eps> <a0,fr24>
File: ./graphics//gif//question//q_26.eps Graphic file (type eps)
 <./graphics//gif//question//q_26.eps> <a0,fr25>
File: ./graphics//gif//question//q_27.eps Graphic file (type eps)
 <./graphics//gif//question//q_27.eps> <a0,fr26>
File: ./graphics//gif//question//q_28.eps Graphic file (type eps)
 <./graphics//gif//question//q_28.eps> <a0,fr27>
File: ./graphics//gif//question//q_29.eps Graphic file (type eps)
 <./graphics//gif//question//q_29.eps> <a0,fr28>
File: ./graphics//gif//question//q_30.eps Graphic file (type eps)
 <./graphics//gif//question//q_30.eps> <a0,fr29> [39]

Package enumitem Warning: Negative labelwidth. This does not make much
(enumitem)                sense, on input line 1764.

LaTeX Font Info:    Trying to load font information for U+fontawesometwo on input line 1764.
(c:/texlive/2022/texmf-dist/tex/latex/fontawesome/ufontawesometwo.fd
File: ufontawesometwo.fd 2016/05/22 Font definitions for U/fontawesometwo.
)

LaTeX Font Warning: Font shape `U/fontawesometwo/b/n' undefined
(Font)              using `U/fontawesometwo/m/n' instead on input line 1764.

LaTeX Font Info:    Font shape `T1/fnc/m/sc' will be
(Font)              scaled to size 13.39188pt on input line 1764.
LaTeX Font Info:    Font shape `T1/fnc/m/sc' will be
(Font)              scaled to size 9.29993pt on input line 1764.
[40] (./report-slides.aux)

LaTeX Font Warning: Some font shapes were not available, defaults substituted.


LaTeX Warning: Label(s) may have changed. Rerun to get cross-references right.

 ) 
Here is how much of TeX's memory you used:
 54232 strings out of 478269
 1197391 string characters out of 5850370
 1727193 words of memory out of 5000000
 71376 multiletter control sequences out of 15000+600000
 518454 words of font info for 110 fonts, out of 8000000 for 9000
 1141 hyphenation exceptions out of 8191
 94i,15n,117p,2374b,1077s stack positions out of 10000i,1000n,20000p,200000b,200000s

Output written on report-slides.dvi (40 pages, 670872 bytes).
